Determining if the include file malloc/malloc.h exists failed with the following output:
Change Dir: /home/aaguasvivas/Desktop/llvm2019/build/CMakeFiles/CMakeTmp

Run Build Command:"/usr/bin/make" "cmTC_c9bac/fast"
/usr/bin/make -f CMakeFiles/cmTC_c9bac.dir/build.make CMakeFiles/cmTC_c9bac.dir/build
make[1]: Entering directory '/home/aaguasvivas/Desktop/llvm2019/build/CMakeFiles/CMakeTmp'
Building C object CMakeFiles/cmTC_c9bac.dir/CheckIncludeFile.c.o
/usr/bin/cc    -o CMakeFiles/cmTC_c9bac.dir/CheckIncludeFile.c.o   -c /home/aaguasvivas/Desktop/llvm2019/build/CMakeFiles/CMakeTmp/CheckIncludeFile.c
/home/aaguasvivas/Desktop/llvm2019/build/CMakeFiles/CMakeTmp/CheckIncludeFile.c:1:10: fatal error: malloc/malloc.h: No such file or directory
 #include <malloc/malloc.h>
          ^~~~~~~~~~~~~~~~~
compilation terminated.
make[1]: *** [CMakeFiles/cmTC_c9bac.dir/build.make:66: CMakeFiles/cmTC_c9bac.dir/CheckIncludeFile.c.o] Error 1
make[1]: Leaving directory '/home/aaguasvivas/Desktop/llvm2019/build/CMakeFiles/CMakeTmp'
make: *** [Makefile:121: cmTC_c9bac/fast] Error 2


Determining if the include file valgrind/valgrind.h exists failed with the following output:
Change Dir: /home/aaguasvivas/Desktop/llvm2019/build/CMakeFiles/CMakeTmp

Run Build Command:"/usr/bin/make" "cmTC_d2463/fast"
/usr/bin/make -f CMakeFiles/cmTC_d2463.dir/build.make CMakeFiles/cmTC_d2463.dir/build
make[1]: Entering directory '/home/aaguasvivas/Desktop/llvm2019/build/CMakeFiles/CMakeTmp'
Building C object CMakeFiles/cmTC_d2463.dir/CheckIncludeFile.c.o
/usr/bin/cc    -o CMakeFiles/cmTC_d2463.dir/CheckIncludeFile.c.o   -c /home/aaguasvivas/Desktop/llvm2019/build/CMakeFiles/CMakeTmp/CheckIncludeFile.c
/home/aaguasvivas/Desktop/llvm2019/build/CMakeFiles/CMakeTmp/CheckIncludeFile.c:1:10: fatal error: valgrind/valgrind.h: No such file or directory
 #include <valgrind/valgrind.h>
          ^~~~~~~~~~~~~~~~~~~~~
compilation terminated.
make[1]: *** [CMakeFiles/cmTC_d2463.dir/build.make:66: CMakeFiles/cmTC_d2463.dir/CheckIncludeFile.c.o] Error 1
make[1]: Leaving directory '/home/aaguasvivas/Desktop/llvm2019/build/CMakeFiles/CMakeTmp'
make: *** [Makefile:121: cmTC_d2463/fast] Error 2


Determining if the include file zlib.h exists failed with the following output:
Change Dir: /home/aaguasvivas/Desktop/llvm2019/build/CMakeFiles/CMakeTmp

Run Build Command:"/usr/bin/make" "cmTC_3223f/fast"
/usr/bin/make -f CMakeFiles/cmTC_3223f.dir/build.make CMakeFiles/cmTC_3223f.dir/build
make[1]: Entering directory '/home/aaguasvivas/Desktop/llvm2019/build/CMakeFiles/CMakeTmp'
Building C object CMakeFiles/cmTC_3223f.dir/CheckIncludeFile.c.o
/usr/bin/cc    -o CMakeFiles/cmTC_3223f.dir/CheckIncludeFile.c.o   -c /home/aaguasvivas/Desktop/llvm2019/build/CMakeFiles/CMakeTmp/CheckIncludeFile.c
/home/aaguasvivas/Desktop/llvm2019/build/CMakeFiles/CMakeTmp/CheckIncludeFile.c:1:10: fatal error: zlib.h: No such file or directory
 #include <zlib.h>
          ^~~~~~~~
compilation terminated.
make[1]: *** [CMakeFiles/cmTC_3223f.dir/build.make:66: CMakeFiles/cmTC_3223f.dir/CheckIncludeFile.c.o] Error 1
make[1]: Leaving directory '/home/aaguasvivas/Desktop/llvm2019/build/CMakeFiles/CMakeTmp'
make: *** [Makefile:121: cmTC_3223f/fast] Error 2


Determining if the include file mach/mach.h exists failed with the following output:
Change Dir: /home/aaguasvivas/Desktop/llvm2019/build/CMakeFiles/CMakeTmp

Run Build Command:"/usr/bin/make" "cmTC_abb5d/fast"
/usr/bin/make -f CMakeFiles/cmTC_abb5d.dir/build.make CMakeFiles/cmTC_abb5d.dir/build
make[1]: Entering directory '/home/aaguasvivas/Desktop/llvm2019/build/CMakeFiles/CMakeTmp'
Building C object CMakeFiles/cmTC_abb5d.dir/CheckIncludeFile.c.o
/usr/bin/cc    -o CMakeFiles/cmTC_abb5d.dir/CheckIncludeFile.c.o   -c /home/aaguasvivas/Desktop/llvm2019/build/CMakeFiles/CMakeTmp/CheckIncludeFile.c
/home/aaguasvivas/Desktop/llvm2019/build/CMakeFiles/CMakeTmp/CheckIncludeFile.c:1:10: fatal error: mach/mach.h: No such file or directory
 #include <mach/mach.h>
          ^~~~~~~~~~~~~
compilation terminated.
make[1]: *** [CMakeFiles/cmTC_abb5d.dir/build.make:66: CMakeFiles/cmTC_abb5d.dir/CheckIncludeFile.c.o] Error 1
make[1]: Leaving directory '/home/aaguasvivas/Desktop/llvm2019/build/CMakeFiles/CMakeTmp'
make: *** [Makefile:121: cmTC_abb5d/fast] Error 2


Determining if the include file histedit.h exists failed with the following output:
Change Dir: /home/aaguasvivas/Desktop/llvm2019/build/CMakeFiles/CMakeTmp

Run Build Command:"/usr/bin/make" "cmTC_fe482/fast"
/usr/bin/make -f CMakeFiles/cmTC_fe482.dir/build.make CMakeFiles/cmTC_fe482.dir/build
make[1]: Entering directory '/home/aaguasvivas/Desktop/llvm2019/build/CMakeFiles/CMakeTmp'
Building C object CMakeFiles/cmTC_fe482.dir/CheckIncludeFile.c.o
/usr/bin/cc    -o CMakeFiles/cmTC_fe482.dir/CheckIncludeFile.c.o   -c /home/aaguasvivas/Desktop/llvm2019/build/CMakeFiles/CMakeTmp/CheckIncludeFile.c
/home/aaguasvivas/Desktop/llvm2019/build/CMakeFiles/CMakeTmp/CheckIncludeFile.c:1:10: fatal error: histedit.h: No such file or directory
 #include <histedit.h>
          ^~~~~~~~~~~~
compilation terminated.
make[1]: *** [CMakeFiles/cmTC_fe482.dir/build.make:66: CMakeFiles/cmTC_fe482.dir/CheckIncludeFile.c.o] Error 1
make[1]: Leaving directory '/home/aaguasvivas/Desktop/llvm2019/build/CMakeFiles/CMakeTmp'
make: *** [Makefile:121: cmTC_fe482/fast] Error 2


Determining if the include file CrashReporterClient.h exists failed with the following output:
Change Dir: /home/aaguasvivas/Desktop/llvm2019/build/CMakeFiles/CMakeTmp

Run Build Command:"/usr/bin/make" "cmTC_13a00/fast"
/usr/bin/make -f CMakeFiles/cmTC_13a00.dir/build.make CMakeFiles/cmTC_13a00.dir/build
make[1]: Entering directory '/home/aaguasvivas/Desktop/llvm2019/build/CMakeFiles/CMakeTmp'
Building C object CMakeFiles/cmTC_13a00.dir/CheckIncludeFile.c.o
/usr/bin/cc    -o CMakeFiles/cmTC_13a00.dir/CheckIncludeFile.c.o   -c /home/aaguasvivas/Desktop/llvm2019/build/CMakeFiles/CMakeTmp/CheckIncludeFile.c
/home/aaguasvivas/Desktop/llvm2019/build/CMakeFiles/CMakeTmp/CheckIncludeFile.c:1:10: fatal error: CrashReporterClient.h: No such file or directory
 #include <CrashReporterClient.h>
          ^~~~~~~~~~~~~~~~~~~~~~~
compilation terminated.
make[1]: *** [CMakeFiles/cmTC_13a00.dir/build.make:66: CMakeFiles/cmTC_13a00.dir/CheckIncludeFile.c.o] Error 1
make[1]: Leaving directory '/home/aaguasvivas/Desktop/llvm2019/build/CMakeFiles/CMakeTmp'
make: *** [Makefile:121: cmTC_13a00/fast] Error 2


Determining if the function pfm_initialize exists in the pfm failed with the following output:
Change Dir: /home/aaguasvivas/Desktop/llvm2019/build/CMakeFiles/CMakeTmp

Run Build Command:"/usr/bin/make" "cmTC_efa4b/fast"
/usr/bin/make -f CMakeFiles/cmTC_efa4b.dir/build.make CMakeFiles/cmTC_efa4b.dir/build
make[1]: Entering directory '/home/aaguasvivas/Desktop/llvm2019/build/CMakeFiles/CMakeTmp'
Building C object CMakeFiles/cmTC_efa4b.dir/CheckFunctionExists.c.o
/usr/bin/cc   -DCHECK_FUNCTION_EXISTS=pfm_initialize   -o CMakeFiles/cmTC_efa4b.dir/CheckFunctionExists.c.o   -c /usr/share/cmake-3.13/Modules/CheckFunctionExists.c
Linking C executable cmTC_efa4b
/usr/bin/cmake -E cmake_link_script CMakeFiles/cmTC_efa4b.dir/link.txt --verbose=1
/usr/bin/cc  -DCHECK_FUNCTION_EXISTS=pfm_initialize    CMakeFiles/cmTC_efa4b.dir/CheckFunctionExists.c.o  -o cmTC_efa4b -lpfm -lm 
/usr/bin/ld: cannot find -lpfm
collect2: error: ld returned 1 exit status
make[1]: *** [CMakeFiles/cmTC_efa4b.dir/build.make:87: cmTC_efa4b] Error 1
make[1]: Leaving directory '/home/aaguasvivas/Desktop/llvm2019/build/CMakeFiles/CMakeTmp'
make: *** [Makefile:121: cmTC_efa4b/fast] Error 2


Determining if the pthread_create exist failed with the following output:
Change Dir: /home/aaguasvivas/Desktop/llvm2019/build/CMakeFiles/CMakeTmp

Run Build Command:"/usr/bin/make" "cmTC_e0816/fast"
/usr/bin/make -f CMakeFiles/cmTC_e0816.dir/build.make CMakeFiles/cmTC_e0816.dir/build
make[1]: Entering directory '/home/aaguasvivas/Desktop/llvm2019/build/CMakeFiles/CMakeTmp'
Building C object CMakeFiles/cmTC_e0816.dir/CheckSymbolExists.c.o
/usr/bin/cc    -o CMakeFiles/cmTC_e0816.dir/CheckSymbolExists.c.o   -c /home/aaguasvivas/Desktop/llvm2019/build/CMakeFiles/CMakeTmp/CheckSymbolExists.c
Linking C executable cmTC_e0816
/usr/bin/cmake -E cmake_link_script CMakeFiles/cmTC_e0816.dir/link.txt --verbose=1
/usr/bin/cc      CMakeFiles/cmTC_e0816.dir/CheckSymbolExists.c.o  -o cmTC_e0816 -lm 
/usr/bin/ld: CMakeFiles/cmTC_e0816.dir/CheckSymbolExists.c.o: in function `main':
CheckSymbolExists.c:(.text+0x1b): undefined reference to `pthread_create'
collect2: error: ld returned 1 exit status
make[1]: *** [CMakeFiles/cmTC_e0816.dir/build.make:87: cmTC_e0816] Error 1
make[1]: Leaving directory '/home/aaguasvivas/Desktop/llvm2019/build/CMakeFiles/CMakeTmp'
make: *** [Makefile:121: cmTC_e0816/fast] Error 2

File /home/aaguasvivas/Desktop/llvm2019/build/CMakeFiles/CMakeTmp/CheckSymbolExists.c:
/* */
#include <pthread.h>

int main(int argc, char** argv)
{
  (void)argv;
#ifndef pthread_create
  return ((int*)(&pthread_create))[argc];
#else
  (void)argc;
  return 0;
#endif
}

Determining if the function pthread_create exists in the pthreads failed with the following output:
Change Dir: /home/aaguasvivas/Desktop/llvm2019/build/CMakeFiles/CMakeTmp

Run Build Command:"/usr/bin/make" "cmTC_560df/fast"
/usr/bin/make -f CMakeFiles/cmTC_560df.dir/build.make CMakeFiles/cmTC_560df.dir/build
make[1]: Entering directory '/home/aaguasvivas/Desktop/llvm2019/build/CMakeFiles/CMakeTmp'
Building C object CMakeFiles/cmTC_560df.dir/CheckFunctionExists.c.o
/usr/bin/cc   -DCHECK_FUNCTION_EXISTS=pthread_create   -o CMakeFiles/cmTC_560df.dir/CheckFunctionExists.c.o   -c /usr/share/cmake-3.13/Modules/CheckFunctionExists.c
Linking C executable cmTC_560df
/usr/bin/cmake -E cmake_link_script CMakeFiles/cmTC_560df.dir/link.txt --verbose=1
/usr/bin/cc  -DCHECK_FUNCTION_EXISTS=pthread_create    CMakeFiles/cmTC_560df.dir/CheckFunctionExists.c.o  -o cmTC_560df -lpthreads -lm 
/usr/bin/ld: cannot find -lpthreads
collect2: error: ld returned 1 exit status
make[1]: *** [CMakeFiles/cmTC_560df.dir/build.make:87: cmTC_560df] Error 1
make[1]: Leaving directory '/home/aaguasvivas/Desktop/llvm2019/build/CMakeFiles/CMakeTmp'
make: *** [Makefile:121: cmTC_560df/fast] Error 2


Determining if the function compress2 exists in the z failed with the following output:
Change Dir: /home/aaguasvivas/Desktop/llvm2019/build/CMakeFiles/CMakeTmp

Run Build Command:"/usr/bin/make" "cmTC_ea8a1/fast"
/usr/bin/make -f CMakeFiles/cmTC_ea8a1.dir/build.make CMakeFiles/cmTC_ea8a1.dir/build
make[1]: Entering directory '/home/aaguasvivas/Desktop/llvm2019/build/CMakeFiles/CMakeTmp'
Building C object CMakeFiles/cmTC_ea8a1.dir/CheckFunctionExists.c.o
/usr/bin/cc   -DCHECK_FUNCTION_EXISTS=compress2   -o CMakeFiles/cmTC_ea8a1.dir/CheckFunctionExists.c.o   -c /usr/share/cmake-3.13/Modules/CheckFunctionExists.c
Linking C executable cmTC_ea8a1
/usr/bin/cmake -E cmake_link_script CMakeFiles/cmTC_ea8a1.dir/link.txt --verbose=1
/usr/bin/cc  -DCHECK_FUNCTION_EXISTS=compress2    CMakeFiles/cmTC_ea8a1.dir/CheckFunctionExists.c.o  -o cmTC_ea8a1 -lz -lm 
/usr/bin/ld: cannot find -lz
collect2: error: ld returned 1 exit status
make[1]: *** [CMakeFiles/cmTC_ea8a1.dir/build.make:87: cmTC_ea8a1] Error 1
make[1]: Leaving directory '/home/aaguasvivas/Desktop/llvm2019/build/CMakeFiles/CMakeTmp'
make: *** [Makefile:121: cmTC_ea8a1/fast] Error 2


Determining if the function compress2 exists in the zlib_static failed with the following output:
Change Dir: /home/aaguasvivas/Desktop/llvm2019/build/CMakeFiles/CMakeTmp

Run Build Command:"/usr/bin/make" "cmTC_5325c/fast"
/usr/bin/make -f CMakeFiles/cmTC_5325c.dir/build.make CMakeFiles/cmTC_5325c.dir/build
make[1]: Entering directory '/home/aaguasvivas/Desktop/llvm2019/build/CMakeFiles/CMakeTmp'
Building C object CMakeFiles/cmTC_5325c.dir/CheckFunctionExists.c.o
/usr/bin/cc   -DCHECK_FUNCTION_EXISTS=compress2   -o CMakeFiles/cmTC_5325c.dir/CheckFunctionExists.c.o   -c /usr/share/cmake-3.13/Modules/CheckFunctionExists.c
Linking C executable cmTC_5325c
/usr/bin/cmake -E cmake_link_script CMakeFiles/cmTC_5325c.dir/link.txt --verbose=1
/usr/bin/cc  -DCHECK_FUNCTION_EXISTS=compress2    CMakeFiles/cmTC_5325c.dir/CheckFunctionExists.c.o  -o cmTC_5325c -lzlib_static -lm 
/usr/bin/ld: cannot find -lzlib_static
collect2: error: ld returned 1 exit status
make[1]: *** [CMakeFiles/cmTC_5325c.dir/build.make:87: cmTC_5325c] Error 1
make[1]: Leaving directory '/home/aaguasvivas/Desktop/llvm2019/build/CMakeFiles/CMakeTmp'
make: *** [Makefile:121: cmTC_5325c/fast] Error 2


Determining if the function compress2 exists in the zlib failed with the following output:
Change Dir: /home/aaguasvivas/Desktop/llvm2019/build/CMakeFiles/CMakeTmp

Run Build Command:"/usr/bin/make" "cmTC_e8640/fast"
/usr/bin/make -f CMakeFiles/cmTC_e8640.dir/build.make CMakeFiles/cmTC_e8640.dir/build
make[1]: Entering directory '/home/aaguasvivas/Desktop/llvm2019/build/CMakeFiles/CMakeTmp'
Building C object CMakeFiles/cmTC_e8640.dir/CheckFunctionExists.c.o
/usr/bin/cc   -DCHECK_FUNCTION_EXISTS=compress2   -o CMakeFiles/cmTC_e8640.dir/CheckFunctionExists.c.o   -c /usr/share/cmake-3.13/Modules/CheckFunctionExists.c
Linking C executable cmTC_e8640
/usr/bin/cmake -E cmake_link_script CMakeFiles/cmTC_e8640.dir/link.txt --verbose=1
/usr/bin/cc  -DCHECK_FUNCTION_EXISTS=compress2    CMakeFiles/cmTC_e8640.dir/CheckFunctionExists.c.o  -o cmTC_e8640 -lzlib -lm 
/usr/bin/ld: cannot find -lzlib
collect2: error: ld returned 1 exit status
make[1]: *** [CMakeFiles/cmTC_e8640.dir/build.make:87: cmTC_e8640] Error 1
make[1]: Leaving directory '/home/aaguasvivas/Desktop/llvm2019/build/CMakeFiles/CMakeTmp'
make: *** [Makefile:121: cmTC_e8640/fast] Error 2


Determining if the function setupterm exists in the terminfo failed with the following output:
Change Dir: /home/aaguasvivas/Desktop/llvm2019/build/CMakeFiles/CMakeTmp

Run Build Command:"/usr/bin/make" "cmTC_c6168/fast"
/usr/bin/make -f CMakeFiles/cmTC_c6168.dir/build.make CMakeFiles/cmTC_c6168.dir/build
make[1]: Entering directory '/home/aaguasvivas/Desktop/llvm2019/build/CMakeFiles/CMakeTmp'
Building C object CMakeFiles/cmTC_c6168.dir/CheckFunctionExists.c.o
/usr/bin/cc   -DCHECK_FUNCTION_EXISTS=setupterm   -o CMakeFiles/cmTC_c6168.dir/CheckFunctionExists.c.o   -c /usr/share/cmake-3.13/Modules/CheckFunctionExists.c
Linking C executable cmTC_c6168
/usr/bin/cmake -E cmake_link_script CMakeFiles/cmTC_c6168.dir/link.txt --verbose=1
/usr/bin/cc  -DCHECK_FUNCTION_EXISTS=setupterm    CMakeFiles/cmTC_c6168.dir/CheckFunctionExists.c.o  -o cmTC_c6168 -lterminfo -lm 
/usr/bin/ld: cannot find -lterminfo
collect2: error: ld returned 1 exit status
make[1]: *** [CMakeFiles/cmTC_c6168.dir/build.make:87: cmTC_c6168] Error 1
make[1]: Leaving directory '/home/aaguasvivas/Desktop/llvm2019/build/CMakeFiles/CMakeTmp'
make: *** [Makefile:121: cmTC_c6168/fast] Error 2


Determining if the function xar_open exists in the xar failed with the following output:
Change Dir: /home/aaguasvivas/Desktop/llvm2019/build/CMakeFiles/CMakeTmp

Run Build Command:"/usr/bin/make" "cmTC_cce0f/fast"
/usr/bin/make -f CMakeFiles/cmTC_cce0f.dir/build.make CMakeFiles/cmTC_cce0f.dir/build
make[1]: Entering directory '/home/aaguasvivas/Desktop/llvm2019/build/CMakeFiles/CMakeTmp'
Building C object CMakeFiles/cmTC_cce0f.dir/CheckFunctionExists.c.o
/usr/bin/cc   -DCHECK_FUNCTION_EXISTS=xar_open   -o CMakeFiles/cmTC_cce0f.dir/CheckFunctionExists.c.o   -c /usr/share/cmake-3.13/Modules/CheckFunctionExists.c
Linking C executable cmTC_cce0f
/usr/bin/cmake -E cmake_link_script CMakeFiles/cmTC_cce0f.dir/link.txt --verbose=1
/usr/bin/cc  -DCHECK_FUNCTION_EXISTS=xar_open    CMakeFiles/cmTC_cce0f.dir/CheckFunctionExists.c.o  -o cmTC_cce0f -lxar -lm 
/usr/bin/ld: cannot find -lxar
collect2: error: ld returned 1 exit status
make[1]: *** [CMakeFiles/cmTC_cce0f.dir/build.make:87: cmTC_cce0f] Error 1
make[1]: Leaving directory '/home/aaguasvivas/Desktop/llvm2019/build/CMakeFiles/CMakeTmp'
make: *** [Makefile:121: cmTC_cce0f/fast] Error 2


Determining if the arc4random exist failed with the following output:
Change Dir: /home/aaguasvivas/Desktop/llvm2019/build/CMakeFiles/CMakeTmp

Run Build Command:"/usr/bin/make" "cmTC_8ee9f/fast"
/usr/bin/make -f CMakeFiles/cmTC_8ee9f.dir/build.make CMakeFiles/cmTC_8ee9f.dir/build
make[1]: Entering directory '/home/aaguasvivas/Desktop/llvm2019/build/CMakeFiles/CMakeTmp'
Building C object CMakeFiles/cmTC_8ee9f.dir/CheckSymbolExists.c.o
/usr/bin/cc    -o CMakeFiles/cmTC_8ee9f.dir/CheckSymbolExists.c.o   -c /home/aaguasvivas/Desktop/llvm2019/build/CMakeFiles/CMakeTmp/CheckSymbolExists.c
/home/aaguasvivas/Desktop/llvm2019/build/CMakeFiles/CMakeTmp/CheckSymbolExists.c: In function ‘main’:
/home/aaguasvivas/Desktop/llvm2019/build/CMakeFiles/CMakeTmp/CheckSymbolExists.c:8:19: error: ‘arc4random’ undeclared (first use in this function); did you mean ‘srandom’?
   return ((int*)(&arc4random))[argc];
                   ^~~~~~~~~~
                   srandom
/home/aaguasvivas/Desktop/llvm2019/build/CMakeFiles/CMakeTmp/CheckSymbolExists.c:8:19: note: each undeclared identifier is reported only once for each function it appears in
make[1]: *** [CMakeFiles/cmTC_8ee9f.dir/build.make:66: CMakeFiles/cmTC_8ee9f.dir/CheckSymbolExists.c.o] Error 1
make[1]: Leaving directory '/home/aaguasvivas/Desktop/llvm2019/build/CMakeFiles/CMakeTmp'
make: *** [Makefile:121: cmTC_8ee9f/fast] Error 2

File /home/aaguasvivas/Desktop/llvm2019/build/CMakeFiles/CMakeTmp/CheckSymbolExists.c:
/* */
#include <stdlib.h>

int main(int argc, char** argv)
{
  (void)argv;
#ifndef arc4random
  return ((int*)(&arc4random))[argc];
#else
  (void)argc;
  return 0;
#endif
}

Performing C SOURCE FILE Test C_SUPPORTS_WERROR_UNGUARDED_AVAILABILITY_NEW failed with the following output:
Change Dir: /home/aaguasvivas/Desktop/llvm2019/build/CMakeFiles/CMakeTmp

Run Build Command:"/usr/bin/make" "cmTC_d2241/fast"
/usr/bin/make -f CMakeFiles/cmTC_d2241.dir/build.make CMakeFiles/cmTC_d2241.dir/build
make[1]: Entering directory '/home/aaguasvivas/Desktop/llvm2019/build/CMakeFiles/CMakeTmp'
Building C object CMakeFiles/cmTC_d2241.dir/src.c.o
/usr/bin/cc   -DC_SUPPORTS_WERROR_UNGUARDED_AVAILABILITY_NEW   -Werror=unguarded-availability-new -o CMakeFiles/cmTC_d2241.dir/src.c.o   -c /home/aaguasvivas/Desktop/llvm2019/build/CMakeFiles/CMakeTmp/src.c
cc1: error: -Werror=unguarded-availability-new: no option -Wunguarded-availability-new
make[1]: *** [CMakeFiles/cmTC_d2241.dir/build.make:66: CMakeFiles/cmTC_d2241.dir/src.c.o] Error 1
make[1]: Leaving directory '/home/aaguasvivas/Desktop/llvm2019/build/CMakeFiles/CMakeTmp'
make: *** [Makefile:121: cmTC_d2241/fast] Error 2

Source file was:
int main(void) { return 0; }
Determining if the mallctl exist failed with the following output:
Change Dir: /home/aaguasvivas/Desktop/llvm2019/build/CMakeFiles/CMakeTmp

Run Build Command:"/usr/bin/make" "cmTC_cf493/fast"
/usr/bin/make -f CMakeFiles/cmTC_cf493.dir/build.make CMakeFiles/cmTC_cf493.dir/build
make[1]: Entering directory '/home/aaguasvivas/Desktop/llvm2019/build/CMakeFiles/CMakeTmp'
Building C object CMakeFiles/cmTC_cf493.dir/CheckSymbolExists.c.o
/usr/bin/cc    -o CMakeFiles/cmTC_cf493.dir/CheckSymbolExists.c.o   -c /home/aaguasvivas/Desktop/llvm2019/build/CMakeFiles/CMakeTmp/CheckSymbolExists.c
/home/aaguasvivas/Desktop/llvm2019/build/CMakeFiles/CMakeTmp/CheckSymbolExists.c:2:10: fatal error: malloc_np.h: No such file or directory
 #include <malloc_np.h>
          ^~~~~~~~~~~~~
compilation terminated.
make[1]: *** [CMakeFiles/cmTC_cf493.dir/build.make:66: CMakeFiles/cmTC_cf493.dir/CheckSymbolExists.c.o] Error 1
make[1]: Leaving directory '/home/aaguasvivas/Desktop/llvm2019/build/CMakeFiles/CMakeTmp'
make: *** [Makefile:121: cmTC_cf493/fast] Error 2

File /home/aaguasvivas/Desktop/llvm2019/build/CMakeFiles/CMakeTmp/CheckSymbolExists.c:
/* */
#include <malloc_np.h>

int main(int argc, char** argv)
{
  (void)argv;
#ifndef mallctl
  return ((int*)(&mallctl))[argc];
#else
  (void)argc;
  return 0;
#endif
}

Determining if the malloc_zone_statistics exist failed with the following output:
Change Dir: /home/aaguasvivas/Desktop/llvm2019/build/CMakeFiles/CMakeTmp

Run Build Command:"/usr/bin/make" "cmTC_7b10c/fast"
/usr/bin/make -f CMakeFiles/cmTC_7b10c.dir/build.make CMakeFiles/cmTC_7b10c.dir/build
make[1]: Entering directory '/home/aaguasvivas/Desktop/llvm2019/build/CMakeFiles/CMakeTmp'
Building C object CMakeFiles/cmTC_7b10c.dir/CheckSymbolExists.c.o
/usr/bin/cc    -o CMakeFiles/cmTC_7b10c.dir/CheckSymbolExists.c.o   -c /home/aaguasvivas/Desktop/llvm2019/build/CMakeFiles/CMakeTmp/CheckSymbolExists.c
/home/aaguasvivas/Desktop/llvm2019/build/CMakeFiles/CMakeTmp/CheckSymbolExists.c:2:10: fatal error: malloc/malloc.h: No such file or directory
 #include <malloc/malloc.h>
          ^~~~~~~~~~~~~~~~~
compilation terminated.
make[1]: *** [CMakeFiles/cmTC_7b10c.dir/build.make:66: CMakeFiles/cmTC_7b10c.dir/CheckSymbolExists.c.o] Error 1
make[1]: Leaving directory '/home/aaguasvivas/Desktop/llvm2019/build/CMakeFiles/CMakeTmp'
make: *** [Makefile:121: cmTC_7b10c/fast] Error 2

File /home/aaguasvivas/Desktop/llvm2019/build/CMakeFiles/CMakeTmp/CheckSymbolExists.c:
/* */
#include <malloc/malloc.h>

int main(int argc, char** argv)
{
  (void)argv;
#ifndef malloc_zone_statistics
  return ((int*)(&malloc_zone_statistics))[argc];
#else
  (void)argc;
  return 0;
#endif
}

Determining if the strerror_s exist failed with the following output:
Change Dir: /home/aaguasvivas/Desktop/llvm2019/build/CMakeFiles/CMakeTmp

Run Build Command:"/usr/bin/make" "cmTC_b7aec/fast"
/usr/bin/make -f CMakeFiles/cmTC_b7aec.dir/build.make CMakeFiles/cmTC_b7aec.dir/build
make[1]: Entering directory '/home/aaguasvivas/Desktop/llvm2019/build/CMakeFiles/CMakeTmp'
Building C object CMakeFiles/cmTC_b7aec.dir/CheckSymbolExists.c.o
/usr/bin/cc    -o CMakeFiles/cmTC_b7aec.dir/CheckSymbolExists.c.o   -c /home/aaguasvivas/Desktop/llvm2019/build/CMakeFiles/CMakeTmp/CheckSymbolExists.c
/home/aaguasvivas/Desktop/llvm2019/build/CMakeFiles/CMakeTmp/CheckSymbolExists.c: In function ‘main’:
/home/aaguasvivas/Desktop/llvm2019/build/CMakeFiles/CMakeTmp/CheckSymbolExists.c:8:19: error: ‘strerror_s’ undeclared (first use in this function); did you mean ‘strerror_l’?
   return ((int*)(&strerror_s))[argc];
                   ^~~~~~~~~~
                   strerror_l
/home/aaguasvivas/Desktop/llvm2019/build/CMakeFiles/CMakeTmp/CheckSymbolExists.c:8:19: note: each undeclared identifier is reported only once for each function it appears in
make[1]: *** [CMakeFiles/cmTC_b7aec.dir/build.make:66: CMakeFiles/cmTC_b7aec.dir/CheckSymbolExists.c.o] Error 1
make[1]: Leaving directory '/home/aaguasvivas/Desktop/llvm2019/build/CMakeFiles/CMakeTmp'
make: *** [Makefile:121: cmTC_b7aec/fast] Error 2

File /home/aaguasvivas/Desktop/llvm2019/build/CMakeFiles/CMakeTmp/CheckSymbolExists.c:
/* */
#include <string.h>

int main(int argc, char** argv)
{
  (void)argv;
#ifndef strerror_s
  return ((int*)(&strerror_s))[argc];
#else
  (void)argc;
  return 0;
#endif
}

Determining if the dladdr exist failed with the following output:
Change Dir: /home/aaguasvivas/Desktop/llvm2019/build/CMakeFiles/CMakeTmp

Run Build Command:"/usr/bin/make" "cmTC_ef5d9/fast"
/usr/bin/make -f CMakeFiles/cmTC_ef5d9.dir/build.make CMakeFiles/cmTC_ef5d9.dir/build
make[1]: Entering directory '/home/aaguasvivas/Desktop/llvm2019/build/CMakeFiles/CMakeTmp'
Building C object CMakeFiles/cmTC_ef5d9.dir/CheckSymbolExists.c.o
/usr/bin/cc    -o CMakeFiles/cmTC_ef5d9.dir/CheckSymbolExists.c.o   -c /home/aaguasvivas/Desktop/llvm2019/build/CMakeFiles/CMakeTmp/CheckSymbolExists.c
/home/aaguasvivas/Desktop/llvm2019/build/CMakeFiles/CMakeTmp/CheckSymbolExists.c: In function ‘main’:
/home/aaguasvivas/Desktop/llvm2019/build/CMakeFiles/CMakeTmp/CheckSymbolExists.c:8:19: error: ‘dladdr’ undeclared (first use in this function)
   return ((int*)(&dladdr))[argc];
                   ^~~~~~
/home/aaguasvivas/Desktop/llvm2019/build/CMakeFiles/CMakeTmp/CheckSymbolExists.c:8:19: note: each undeclared identifier is reported only once for each function it appears in
make[1]: *** [CMakeFiles/cmTC_ef5d9.dir/build.make:66: CMakeFiles/cmTC_ef5d9.dir/CheckSymbolExists.c.o] Error 1
make[1]: Leaving directory '/home/aaguasvivas/Desktop/llvm2019/build/CMakeFiles/CMakeTmp'
make: *** [Makefile:121: cmTC_ef5d9/fast] Error 2

File /home/aaguasvivas/Desktop/llvm2019/build/CMakeFiles/CMakeTmp/CheckSymbolExists.c:
/* */
#include <dlfcn.h>

int main(int argc, char** argv)
{
  (void)argv;
#ifndef dladdr
  return ((int*)(&dladdr))[argc];
#else
  (void)argc;
  return 0;
#endif
}

Performing C SOURCE FILE Test HAVE_STRUCT_STAT_ST_MTIMESPEC_TV_NSEC failed with the following output:
Change Dir: /home/aaguasvivas/Desktop/llvm2019/build/CMakeFiles/CMakeTmp

Run Build Command:"/usr/bin/make" "cmTC_38ca9/fast"
/usr/bin/make -f CMakeFiles/cmTC_38ca9.dir/build.make CMakeFiles/cmTC_38ca9.dir/build
make[1]: Entering directory '/home/aaguasvivas/Desktop/llvm2019/build/CMakeFiles/CMakeTmp'
Building C object CMakeFiles/cmTC_38ca9.dir/src.c.o
/usr/bin/cc   -DHAVE_STRUCT_STAT_ST_MTIMESPEC_TV_NSEC   -o CMakeFiles/cmTC_38ca9.dir/src.c.o   -c /home/aaguasvivas/Desktop/llvm2019/build/CMakeFiles/CMakeTmp/src.c
/home/aaguasvivas/Desktop/llvm2019/build/CMakeFiles/CMakeTmp/src.c: In function ‘main’:
/home/aaguasvivas/Desktop/llvm2019/build/CMakeFiles/CMakeTmp/src.c:7:37: error: ‘struct stat’ has no member named ‘st_mtimespec’; did you mean ‘st_mtim’?
    (void)sizeof(((struct stat *)0)->st_mtimespec.tv_nsec);
                                     ^~~~~~~~~~~~
                                     st_mtim
make[1]: *** [CMakeFiles/cmTC_38ca9.dir/build.make:66: CMakeFiles/cmTC_38ca9.dir/src.c.o] Error 1
make[1]: Leaving directory '/home/aaguasvivas/Desktop/llvm2019/build/CMakeFiles/CMakeTmp'
make: *** [Makefile:121: cmTC_38ca9/fast] Error 2

Source file was:

#include <sys/types.h>
#include <sys/stat.h>

int main()
{
   (void)sizeof(((struct stat *)0)->st_mtimespec.tv_nsec);
   return 0;
}

Performing C++ SOURCE FILE Test SUPPORTS_GNU_ZERO_VARIADIC_MACRO_ARGUMENTS_FLAG failed with the following output:
Change Dir: /home/aaguasvivas/Desktop/llvm2019/build/CMakeFiles/CMakeTmp

Run Build Command:"/usr/bin/make" "cmTC_47325/fast"
/usr/bin/make -f CMakeFiles/cmTC_47325.dir/build.make CMakeFiles/cmTC_47325.dir/build
make[1]: Entering directory '/home/aaguasvivas/Desktop/llvm2019/build/CMakeFiles/CMakeTmp'
Building CXX object CMakeFiles/cmTC_47325.dir/src.cxx.o
/usr/bin/c++    -DSUPPORTS_GNU_ZERO_VARIADIC_MACRO_ARGUMENTS_FLAG   -Wgnu-zero-variadic-macro-arguments -o CMakeFiles/cmTC_47325.dir/src.cxx.o -c /home/aaguasvivas/Desktop/llvm2019/build/CMakeFiles/CMakeTmp/src.cxx
c++: error: unrecognized command line option '-Wgnu-zero-variadic-macro-arguments'; did you mean '-Wno-variadic-macros'?
make[1]: *** [CMakeFiles/cmTC_47325.dir/build.make:66: CMakeFiles/cmTC_47325.dir/src.cxx.o] Error 1
make[1]: Leaving directory '/home/aaguasvivas/Desktop/llvm2019/build/CMakeFiles/CMakeTmp'
make: *** [Makefile:121: cmTC_47325/fast] Error 2

Source file was:
int main() { return 0; }
Performing C++ SOURCE FILE Test CXX_SUPPORTS_WERROR_UNGUARDED_AVAILABILITY_NEW failed with the following output:
Change Dir: /home/aaguasvivas/Desktop/llvm2019/build/CMakeFiles/CMakeTmp

Run Build Command:"/usr/bin/make" "cmTC_396c6/fast"
/usr/bin/make -f CMakeFiles/cmTC_396c6.dir/build.make CMakeFiles/cmTC_396c6.dir/build
make[1]: Entering directory '/home/aaguasvivas/Desktop/llvm2019/build/CMakeFiles/CMakeTmp'
Building CXX object CMakeFiles/cmTC_396c6.dir/src.cxx.o
/usr/bin/c++    -fPIC -fvisibility-inlines-hidden -Werror=date-time -DCXX_SUPPORTS_WERROR_UNGUARDED_AVAILABILITY_NEW   -Werror -Werror=unguarded-availability-new -o CMakeFiles/cmTC_396c6.dir/src.cxx.o -c /home/aaguasvivas/Desktop/llvm2019/build/CMakeFiles/CMakeTmp/src.cxx
cc1plus: error: -Werror=unguarded-availability-new: no option -Wunguarded-availability-new
make[1]: *** [CMakeFiles/cmTC_396c6.dir/build.make:66: CMakeFiles/cmTC_396c6.dir/src.cxx.o] Error 1
make[1]: Leaving directory '/home/aaguasvivas/Desktop/llvm2019/build/CMakeFiles/CMakeTmp'
make: *** [Makefile:121: cmTC_396c6/fast] Error 2

Source file was:
int main() { return 0; }
Performing C SOURCE FILE Test C_SUPPORTS_COVERED_SWITCH_DEFAULT_FLAG failed with the following output:
Change Dir: /home/aaguasvivas/Desktop/llvm2019/build/CMakeFiles/CMakeTmp

Run Build Command:"/usr/bin/make" "cmTC_ead92/fast"
/usr/bin/make -f CMakeFiles/cmTC_ead92.dir/build.make CMakeFiles/cmTC_ead92.dir/build
make[1]: Entering directory '/home/aaguasvivas/Desktop/llvm2019/build/CMakeFiles/CMakeTmp'
Building C object CMakeFiles/cmTC_ead92.dir/src.c.o
/usr/bin/cc   -fPIC -Werror=date-time -Wall -Wextra -Wno-unused-parameter -Wwrite-strings -Wno-missing-field-initializers -pedantic -Wno-long-long -Wimplicit-fallthrough -DC_SUPPORTS_COVERED_SWITCH_DEFAULT_FLAG   -Werror -Wcovered-switch-default -o CMakeFiles/cmTC_ead92.dir/src.c.o   -c /home/aaguasvivas/Desktop/llvm2019/build/CMakeFiles/CMakeTmp/src.c
cc: error: unrecognized command line option '-Wcovered-switch-default'; did you mean '-Wno-switch-default'?
make[1]: *** [CMakeFiles/cmTC_ead92.dir/build.make:66: CMakeFiles/cmTC_ead92.dir/src.c.o] Error 1
make[1]: Leaving directory '/home/aaguasvivas/Desktop/llvm2019/build/CMakeFiles/CMakeTmp'
make: *** [Makefile:121: cmTC_ead92/fast] Error 2

Source file was:
int main(void) { return 0; }
Performing C++ SOURCE FILE Test CXX_SUPPORTS_COVERED_SWITCH_DEFAULT_FLAG failed with the following output:
Change Dir: /home/aaguasvivas/Desktop/llvm2019/build/CMakeFiles/CMakeTmp

Run Build Command:"/usr/bin/make" "cmTC_de6b1/fast"
/usr/bin/make -f CMakeFiles/cmTC_de6b1.dir/build.make CMakeFiles/cmTC_de6b1.dir/build
make[1]: Entering directory '/home/aaguasvivas/Desktop/llvm2019/build/CMakeFiles/CMakeTmp'
Building CXX object CMakeFiles/cmTC_de6b1.dir/src.cxx.o
/usr/bin/c++    -fPIC -fvisibility-inlines-hidden -Werror=date-time -std=c++11 -Wall -Wextra -Wno-unused-parameter -Wwrite-strings -Wcast-qual -Wno-missing-field-initializers -pedantic -Wno-long-long -Wimplicit-fallthrough -DCXX_SUPPORTS_COVERED_SWITCH_DEFAULT_FLAG   -Werror -Wcovered-switch-default -o CMakeFiles/cmTC_de6b1.dir/src.cxx.o -c /home/aaguasvivas/Desktop/llvm2019/build/CMakeFiles/CMakeTmp/src.cxx
c++: error: unrecognized command line option '-Wcovered-switch-default'; did you mean '-Wno-switch-default'?
make[1]: *** [CMakeFiles/cmTC_de6b1.dir/build.make:66: CMakeFiles/cmTC_de6b1.dir/src.cxx.o] Error 1
make[1]: Leaving directory '/home/aaguasvivas/Desktop/llvm2019/build/CMakeFiles/CMakeTmp'
make: *** [Makefile:121: cmTC_de6b1/fast] Error 2

Source file was:
int main() { return 0; }
Performing C SOURCE FILE Test C_SUPPORTS_DELETE_NON_VIRTUAL_DTOR_FLAG failed with the following output:
Change Dir: /home/aaguasvivas/Desktop/llvm2019/build/CMakeFiles/CMakeTmp

Run Build Command:"/usr/bin/make" "cmTC_3691b/fast"
/usr/bin/make -f CMakeFiles/cmTC_3691b.dir/build.make CMakeFiles/cmTC_3691b.dir/build
make[1]: Entering directory '/home/aaguasvivas/Desktop/llvm2019/build/CMakeFiles/CMakeTmp'
Building C object CMakeFiles/cmTC_3691b.dir/src.c.o
/usr/bin/cc   -fPIC -Werror=date-time -Wall -Wextra -Wno-unused-parameter -Wwrite-strings -Wno-missing-field-initializers -pedantic -Wno-long-long -Wimplicit-fallthrough -DC_SUPPORTS_DELETE_NON_VIRTUAL_DTOR_FLAG   -Werror -Wdelete-non-virtual-dtor -o CMakeFiles/cmTC_3691b.dir/src.c.o   -c /home/aaguasvivas/Desktop/llvm2019/build/CMakeFiles/CMakeTmp/src.c
cc1: error: command line option '-Wdelete-non-virtual-dtor' is valid for C++/ObjC++ but not for C [-Werror]
cc1: all warnings being treated as errors
make[1]: *** [CMakeFiles/cmTC_3691b.dir/build.make:66: CMakeFiles/cmTC_3691b.dir/src.c.o] Error 1
make[1]: Leaving directory '/home/aaguasvivas/Desktop/llvm2019/build/CMakeFiles/CMakeTmp'
make: *** [Makefile:121: cmTC_3691b/fast] Error 2

Source file was:
int main(void) { return 0; }
Performing C SOURCE FILE Test C_WCOMMENT_ALLOWS_LINE_WRAP failed with the following output:
Change Dir: /home/aaguasvivas/Desktop/llvm2019/build/CMakeFiles/CMakeTmp

Run Build Command:"/usr/bin/make" "cmTC_e6a04/fast"
/usr/bin/make -f CMakeFiles/cmTC_e6a04.dir/build.make CMakeFiles/cmTC_e6a04.dir/build
make[1]: Entering directory '/home/aaguasvivas/Desktop/llvm2019/build/CMakeFiles/CMakeTmp'
Building C object CMakeFiles/cmTC_e6a04.dir/src.c.o
/usr/bin/cc -D_GNU_SOURCE  -fPIC -Werror=date-time -Wall -Wextra -Wno-unused-parameter -Wwrite-strings -Wno-missing-field-initializers -pedantic -Wno-long-long -Wimplicit-fallthrough -DC_WCOMMENT_ALLOWS_LINE_WRAP  -Werror -Wcomment   -o CMakeFiles/cmTC_e6a04.dir/src.c.o   -c /home/aaguasvivas/Desktop/llvm2019/build/CMakeFiles/CMakeTmp/src.c
/home/aaguasvivas/Desktop/llvm2019/build/CMakeFiles/CMakeTmp/src.c:1:1: error: multi-line comment [-Werror=comment]
 // \
 ^
cc1: all warnings being treated as errors
make[1]: *** [CMakeFiles/cmTC_e6a04.dir/build.make:66: CMakeFiles/cmTC_e6a04.dir/src.c.o] Error 1
make[1]: Leaving directory '/home/aaguasvivas/Desktop/llvm2019/build/CMakeFiles/CMakeTmp'
make: *** [Makefile:121: cmTC_e6a04/fast] Error 2

Source file was:
// \
//
int main() {return 0;}
Performing C SOURCE FILE Test C_SUPPORTS_STRING_CONVERSION_FLAG failed with the following output:
Change Dir: /home/aaguasvivas/Desktop/llvm2019/build/CMakeFiles/CMakeTmp

Run Build Command:"/usr/bin/make" "cmTC_93059/fast"
/usr/bin/make -f CMakeFiles/cmTC_93059.dir/build.make CMakeFiles/cmTC_93059.dir/build
make[1]: Entering directory '/home/aaguasvivas/Desktop/llvm2019/build/CMakeFiles/CMakeTmp'
Building C object CMakeFiles/cmTC_93059.dir/src.c.o
/usr/bin/cc   -fPIC -Werror=date-time -Wall -Wextra -Wno-unused-parameter -Wwrite-strings -Wno-missing-field-initializers -pedantic -Wno-long-long -Wimplicit-fallthrough -Wno-comment -DC_SUPPORTS_STRING_CONVERSION_FLAG   -Werror -Wstring-conversion -o CMakeFiles/cmTC_93059.dir/src.c.o   -c /home/aaguasvivas/Desktop/llvm2019/build/CMakeFiles/CMakeTmp/src.c
cc: error: unrecognized command line option '-Wstring-conversion'; did you mean '-Wint-conversion'?
make[1]: *** [CMakeFiles/cmTC_93059.dir/build.make:66: CMakeFiles/cmTC_93059.dir/src.c.o] Error 1
make[1]: Leaving directory '/home/aaguasvivas/Desktop/llvm2019/build/CMakeFiles/CMakeTmp'
make: *** [Makefile:121: cmTC_93059/fast] Error 2

Source file was:
int main(void) { return 0; }
Performing C++ SOURCE FILE Test CXX_SUPPORTS_STRING_CONVERSION_FLAG failed with the following output:
Change Dir: /home/aaguasvivas/Desktop/llvm2019/build/CMakeFiles/CMakeTmp

Run Build Command:"/usr/bin/make" "cmTC_2be09/fast"
/usr/bin/make -f CMakeFiles/cmTC_2be09.dir/build.make CMakeFiles/cmTC_2be09.dir/build
make[1]: Entering directory '/home/aaguasvivas/Desktop/llvm2019/build/CMakeFiles/CMakeTmp'
Building CXX object CMakeFiles/cmTC_2be09.dir/src.cxx.o
/usr/bin/c++    -fPIC -fvisibility-inlines-hidden -Werror=date-time -std=c++11 -Wall -Wextra -Wno-unused-parameter -Wwrite-strings -Wcast-qual -Wno-missing-field-initializers -pedantic -Wno-long-long -Wimplicit-fallthrough -Wno-maybe-uninitialized -Wno-class-memaccess -Wno-noexcept-type -Wdelete-non-virtual-dtor -Wno-comment -DCXX_SUPPORTS_STRING_CONVERSION_FLAG   -Werror -Wstring-conversion -o CMakeFiles/cmTC_2be09.dir/src.cxx.o -c /home/aaguasvivas/Desktop/llvm2019/build/CMakeFiles/CMakeTmp/src.cxx
c++: error: unrecognized command line option '-Wstring-conversion'; did you mean '-Wint-conversion'?
make[1]: *** [CMakeFiles/cmTC_2be09.dir/build.make:66: CMakeFiles/cmTC_2be09.dir/src.cxx.o] Error 1
make[1]: Leaving directory '/home/aaguasvivas/Desktop/llvm2019/build/CMakeFiles/CMakeTmp'
make: *** [Makefile:121: cmTC_2be09/fast] Error 2

Source file was:
int main() { return 0; }
Performing C++ SOURCE FILE Test COMPILER_RT_HAS_FNO_SANITIZE_SAFE_STACK_FLAG failed with the following output:
Change Dir: /home/aaguasvivas/Desktop/llvm2019/build/CMakeFiles/CMakeTmp

Run Build Command:"/usr/bin/make" "cmTC_83cd8/fast"
/usr/bin/make -f CMakeFiles/cmTC_83cd8.dir/build.make CMakeFiles/cmTC_83cd8.dir/build
make[1]: Entering directory '/home/aaguasvivas/Desktop/llvm2019/build/CMakeFiles/CMakeTmp'
Building CXX object CMakeFiles/cmTC_83cd8.dir/src.cxx.o
/usr/bin/c++    -fPIC -fvisibility-inlines-hidden -Werror=date-time -std=c++11 -Wall -Wextra -Wno-unused-parameter -Wwrite-strings -Wcast-qual -Wno-missing-field-initializers -pedantic -Wno-long-long -Wimplicit-fallthrough -Wno-maybe-uninitialized -Wno-class-memaccess -Wno-noexcept-type -Wdelete-non-virtual-dtor -Wno-comment -ffunction-sections -fdata-sections -DCOMPILER_RT_HAS_FNO_SANITIZE_SAFE_STACK_FLAG  -nodefaultlibs   -fno-sanitize=safe-stack -o CMakeFiles/cmTC_83cd8.dir/src.cxx.o -c /home/aaguasvivas/Desktop/llvm2019/build/CMakeFiles/CMakeTmp/src.cxx
c++: error: unrecognized argument to -fno-sanitize= option: 'safe-stack'
make[1]: *** [CMakeFiles/cmTC_83cd8.dir/build.make:66: CMakeFiles/cmTC_83cd8.dir/src.cxx.o] Error 1
make[1]: Leaving directory '/home/aaguasvivas/Desktop/llvm2019/build/CMakeFiles/CMakeTmp'
make: *** [Makefile:121: cmTC_83cd8/fast] Error 2

Source file was:
int main() { return 0; }
Performing C++ SOURCE FILE Test COMPILER_RT_HAS_MCRC_FLAG failed with the following output:
Change Dir: /home/aaguasvivas/Desktop/llvm2019/build/CMakeFiles/CMakeTmp

Run Build Command:"/usr/bin/make" "cmTC_202fa/fast"
/usr/bin/make -f CMakeFiles/cmTC_202fa.dir/build.make CMakeFiles/cmTC_202fa.dir/build
make[1]: Entering directory '/home/aaguasvivas/Desktop/llvm2019/build/CMakeFiles/CMakeTmp'
Building CXX object CMakeFiles/cmTC_202fa.dir/src.cxx.o
/usr/bin/c++    -fPIC -fvisibility-inlines-hidden -Werror=date-time -std=c++11 -Wall -Wextra -Wno-unused-parameter -Wwrite-strings -Wcast-qual -Wno-missing-field-initializers -pedantic -Wno-long-long -Wimplicit-fallthrough -Wno-maybe-uninitialized -Wno-class-memaccess -Wno-noexcept-type -Wdelete-non-virtual-dtor -Wno-comment -ffunction-sections -fdata-sections -DCOMPILER_RT_HAS_MCRC_FLAG  -nodefaultlibs   -Werror -mcrc -o CMakeFiles/cmTC_202fa.dir/src.cxx.o -c /home/aaguasvivas/Desktop/llvm2019/build/CMakeFiles/CMakeTmp/src.cxx
c++: error: unrecognized command line option '-mcrc'; did you mean '-mcld'?
make[1]: *** [CMakeFiles/cmTC_202fa.dir/build.make:66: CMakeFiles/cmTC_202fa.dir/src.cxx.o] Error 1
make[1]: Leaving directory '/home/aaguasvivas/Desktop/llvm2019/build/CMakeFiles/CMakeTmp'
make: *** [Makefile:121: cmTC_202fa/fast] Error 2

Source file was:
int main() { return 0; }
Performing C++ SOURCE FILE Test COMPILER_RT_HAS_GR_FLAG failed with the following output:
Change Dir: /home/aaguasvivas/Desktop/llvm2019/build/CMakeFiles/CMakeTmp

Run Build Command:"/usr/bin/make" "cmTC_4bb98/fast"
/usr/bin/make -f CMakeFiles/cmTC_4bb98.dir/build.make CMakeFiles/cmTC_4bb98.dir/build
make[1]: Entering directory '/home/aaguasvivas/Desktop/llvm2019/build/CMakeFiles/CMakeTmp'
Building CXX object CMakeFiles/cmTC_4bb98.dir/src.cxx.o
/usr/bin/c++    -fPIC -fvisibility-inlines-hidden -Werror=date-time -std=c++11 -Wall -Wextra -Wno-unused-parameter -Wwrite-strings -Wcast-qual -Wno-missing-field-initializers -pedantic -Wno-long-long -Wimplicit-fallthrough -Wno-maybe-uninitialized -Wno-class-memaccess -Wno-noexcept-type -Wdelete-non-virtual-dtor -Wno-comment -ffunction-sections -fdata-sections -DCOMPILER_RT_HAS_GR_FLAG  -nodefaultlibs   /GR -o CMakeFiles/cmTC_4bb98.dir/src.cxx.o -c /home/aaguasvivas/Desktop/llvm2019/build/CMakeFiles/CMakeTmp/src.cxx
c++: error: /GR: No such file or directory
make[1]: *** [CMakeFiles/cmTC_4bb98.dir/build.make:66: CMakeFiles/cmTC_4bb98.dir/src.cxx.o] Error 1
make[1]: Leaving directory '/home/aaguasvivas/Desktop/llvm2019/build/CMakeFiles/CMakeTmp'
make: *** [Makefile:121: cmTC_4bb98/fast] Error 2

Source file was:
int main() { return 0; }
Performing C++ SOURCE FILE Test COMPILER_RT_HAS_GS_FLAG failed with the following output:
Change Dir: /home/aaguasvivas/Desktop/llvm2019/build/CMakeFiles/CMakeTmp

Run Build Command:"/usr/bin/make" "cmTC_68037/fast"
/usr/bin/make -f CMakeFiles/cmTC_68037.dir/build.make CMakeFiles/cmTC_68037.dir/build
make[1]: Entering directory '/home/aaguasvivas/Desktop/llvm2019/build/CMakeFiles/CMakeTmp'
Building CXX object CMakeFiles/cmTC_68037.dir/src.cxx.o
/usr/bin/c++    -fPIC -fvisibility-inlines-hidden -Werror=date-time -std=c++11 -Wall -Wextra -Wno-unused-parameter -Wwrite-strings -Wcast-qual -Wno-missing-field-initializers -pedantic -Wno-long-long -Wimplicit-fallthrough -Wno-maybe-uninitialized -Wno-class-memaccess -Wno-noexcept-type -Wdelete-non-virtual-dtor -Wno-comment -ffunction-sections -fdata-sections -DCOMPILER_RT_HAS_GS_FLAG  -nodefaultlibs   /GS -o CMakeFiles/cmTC_68037.dir/src.cxx.o -c /home/aaguasvivas/Desktop/llvm2019/build/CMakeFiles/CMakeTmp/src.cxx
c++: error: /GS: No such file or directory
make[1]: *** [CMakeFiles/cmTC_68037.dir/build.make:66: CMakeFiles/cmTC_68037.dir/src.cxx.o] Error 1
make[1]: Leaving directory '/home/aaguasvivas/Desktop/llvm2019/build/CMakeFiles/CMakeTmp'
make: *** [Makefile:121: cmTC_68037/fast] Error 2

Source file was:
int main() { return 0; }
Performing C++ SOURCE FILE Test COMPILER_RT_HAS_MT_FLAG failed with the following output:
Change Dir: /home/aaguasvivas/Desktop/llvm2019/build/CMakeFiles/CMakeTmp

Run Build Command:"/usr/bin/make" "cmTC_347d4/fast"
/usr/bin/make -f CMakeFiles/cmTC_347d4.dir/build.make CMakeFiles/cmTC_347d4.dir/build
make[1]: Entering directory '/home/aaguasvivas/Desktop/llvm2019/build/CMakeFiles/CMakeTmp'
Building CXX object CMakeFiles/cmTC_347d4.dir/src.cxx.o
/usr/bin/c++    -fPIC -fvisibility-inlines-hidden -Werror=date-time -std=c++11 -Wall -Wextra -Wno-unused-parameter -Wwrite-strings -Wcast-qual -Wno-missing-field-initializers -pedantic -Wno-long-long -Wimplicit-fallthrough -Wno-maybe-uninitialized -Wno-class-memaccess -Wno-noexcept-type -Wdelete-non-virtual-dtor -Wno-comment -ffunction-sections -fdata-sections -DCOMPILER_RT_HAS_MT_FLAG  -nodefaultlibs   /MT -o CMakeFiles/cmTC_347d4.dir/src.cxx.o -c /home/aaguasvivas/Desktop/llvm2019/build/CMakeFiles/CMakeTmp/src.cxx
c++: error: /MT: No such file or directory
make[1]: *** [CMakeFiles/cmTC_347d4.dir/build.make:66: CMakeFiles/cmTC_347d4.dir/src.cxx.o] Error 1
make[1]: Leaving directory '/home/aaguasvivas/Desktop/llvm2019/build/CMakeFiles/CMakeTmp'
make: *** [Makefile:121: cmTC_347d4/fast] Error 2

Source file was:
int main() { return 0; }
Performing C++ SOURCE FILE Test COMPILER_RT_HAS_Oy_FLAG failed with the following output:
Change Dir: /home/aaguasvivas/Desktop/llvm2019/build/CMakeFiles/CMakeTmp

Run Build Command:"/usr/bin/make" "cmTC_2448e/fast"
/usr/bin/make -f CMakeFiles/cmTC_2448e.dir/build.make CMakeFiles/cmTC_2448e.dir/build
make[1]: Entering directory '/home/aaguasvivas/Desktop/llvm2019/build/CMakeFiles/CMakeTmp'
Building CXX object CMakeFiles/cmTC_2448e.dir/src.cxx.o
/usr/bin/c++    -fPIC -fvisibility-inlines-hidden -Werror=date-time -std=c++11 -Wall -Wextra -Wno-unused-parameter -Wwrite-strings -Wcast-qual -Wno-missing-field-initializers -pedantic -Wno-long-long -Wimplicit-fallthrough -Wno-maybe-uninitialized -Wno-class-memaccess -Wno-noexcept-type -Wdelete-non-virtual-dtor -Wno-comment -ffunction-sections -fdata-sections -DCOMPILER_RT_HAS_Oy_FLAG  -nodefaultlibs   /Oy -o CMakeFiles/cmTC_2448e.dir/src.cxx.o -c /home/aaguasvivas/Desktop/llvm2019/build/CMakeFiles/CMakeTmp/src.cxx
c++: error: /Oy: No such file or directory
make[1]: *** [CMakeFiles/cmTC_2448e.dir/build.make:66: CMakeFiles/cmTC_2448e.dir/src.cxx.o] Error 1
make[1]: Leaving directory '/home/aaguasvivas/Desktop/llvm2019/build/CMakeFiles/CMakeTmp'
make: *** [Makefile:121: cmTC_2448e/fast] Error 2

Source file was:
int main() { return 0; }
Performing C++ SOURCE FILE Test COMPILER_RT_HAS_GLINE_TABLES_ONLY_FLAG failed with the following output:
Change Dir: /home/aaguasvivas/Desktop/llvm2019/build/CMakeFiles/CMakeTmp

Run Build Command:"/usr/bin/make" "cmTC_a873b/fast"
/usr/bin/make -f CMakeFiles/cmTC_a873b.dir/build.make CMakeFiles/cmTC_a873b.dir/build
make[1]: Entering directory '/home/aaguasvivas/Desktop/llvm2019/build/CMakeFiles/CMakeTmp'
Building CXX object CMakeFiles/cmTC_a873b.dir/src.cxx.o
/usr/bin/c++    -fPIC -fvisibility-inlines-hidden -Werror=date-time -std=c++11 -Wall -Wextra -Wno-unused-parameter -Wwrite-strings -Wcast-qual -Wno-missing-field-initializers -pedantic -Wno-long-long -Wimplicit-fallthrough -Wno-maybe-uninitialized -Wno-class-memaccess -Wno-noexcept-type -Wdelete-non-virtual-dtor -Wno-comment -ffunction-sections -fdata-sections -DCOMPILER_RT_HAS_GLINE_TABLES_ONLY_FLAG  -nodefaultlibs   -gline-tables-only -o CMakeFiles/cmTC_a873b.dir/src.cxx.o -c /home/aaguasvivas/Desktop/llvm2019/build/CMakeFiles/CMakeTmp/src.cxx
c++: error: unrecognized debug output level 'line-tables-only'
make[1]: *** [CMakeFiles/cmTC_a873b.dir/build.make:66: CMakeFiles/cmTC_a873b.dir/src.cxx.o] Error 1
make[1]: Leaving directory '/home/aaguasvivas/Desktop/llvm2019/build/CMakeFiles/CMakeTmp'
make: *** [Makefile:121: cmTC_a873b/fast] Error 2

Source file was:
int main() { return 0; }
Performing C++ SOURCE FILE Test COMPILER_RT_HAS_Zi_FLAG failed with the following output:
Change Dir: /home/aaguasvivas/Desktop/llvm2019/build/CMakeFiles/CMakeTmp

Run Build Command:"/usr/bin/make" "cmTC_a5fc3/fast"
/usr/bin/make -f CMakeFiles/cmTC_a5fc3.dir/build.make CMakeFiles/cmTC_a5fc3.dir/build
make[1]: Entering directory '/home/aaguasvivas/Desktop/llvm2019/build/CMakeFiles/CMakeTmp'
Building CXX object CMakeFiles/cmTC_a5fc3.dir/src.cxx.o
/usr/bin/c++    -fPIC -fvisibility-inlines-hidden -Werror=date-time -std=c++11 -Wall -Wextra -Wno-unused-parameter -Wwrite-strings -Wcast-qual -Wno-missing-field-initializers -pedantic -Wno-long-long -Wimplicit-fallthrough -Wno-maybe-uninitialized -Wno-class-memaccess -Wno-noexcept-type -Wdelete-non-virtual-dtor -Wno-comment -ffunction-sections -fdata-sections -DCOMPILER_RT_HAS_Zi_FLAG  -nodefaultlibs   /Zi -o CMakeFiles/cmTC_a5fc3.dir/src.cxx.o -c /home/aaguasvivas/Desktop/llvm2019/build/CMakeFiles/CMakeTmp/src.cxx
c++: error: /Zi: No such file or directory
make[1]: *** [CMakeFiles/cmTC_a5fc3.dir/build.make:66: CMakeFiles/cmTC_a5fc3.dir/src.cxx.o] Error 1
make[1]: Leaving directory '/home/aaguasvivas/Desktop/llvm2019/build/CMakeFiles/CMakeTmp'
make: *** [Makefile:121: cmTC_a5fc3/fast] Error 2

Source file was:
int main() { return 0; }
Performing C++ SOURCE FILE Test COMPILER_RT_HAS_WGLOBAL_CONSTRUCTORS_FLAG failed with the following output:
Change Dir: /home/aaguasvivas/Desktop/llvm2019/build/CMakeFiles/CMakeTmp

Run Build Command:"/usr/bin/make" "cmTC_fbe75/fast"
/usr/bin/make -f CMakeFiles/cmTC_fbe75.dir/build.make CMakeFiles/cmTC_fbe75.dir/build
make[1]: Entering directory '/home/aaguasvivas/Desktop/llvm2019/build/CMakeFiles/CMakeTmp'
Building CXX object CMakeFiles/cmTC_fbe75.dir/src.cxx.o
/usr/bin/c++    -fPIC -fvisibility-inlines-hidden -Werror=date-time -std=c++11 -Wall -Wextra -Wno-unused-parameter -Wwrite-strings -Wcast-qual -Wno-missing-field-initializers -pedantic -Wno-long-long -Wimplicit-fallthrough -Wno-maybe-uninitialized -Wno-class-memaccess -Wno-noexcept-type -Wdelete-non-virtual-dtor -Wno-comment -ffunction-sections -fdata-sections -DCOMPILER_RT_HAS_WGLOBAL_CONSTRUCTORS_FLAG  -nodefaultlibs   -Werror -Wglobal-constructors -o CMakeFiles/cmTC_fbe75.dir/src.cxx.o -c /home/aaguasvivas/Desktop/llvm2019/build/CMakeFiles/CMakeTmp/src.cxx
c++: error: unrecognized command line option '-Wglobal-constructors'; did you mean '-felide-constructors'?
make[1]: *** [CMakeFiles/cmTC_fbe75.dir/build.make:66: CMakeFiles/cmTC_fbe75.dir/src.cxx.o] Error 1
make[1]: Leaving directory '/home/aaguasvivas/Desktop/llvm2019/build/CMakeFiles/CMakeTmp'
make: *** [Makefile:121: cmTC_fbe75/fast] Error 2

Source file was:
int main() { return 0; }
Performing C++ SOURCE FILE Test COMPILER_RT_HAS_WC99_EXTENSIONS_FLAG failed with the following output:
Change Dir: /home/aaguasvivas/Desktop/llvm2019/build/CMakeFiles/CMakeTmp

Run Build Command:"/usr/bin/make" "cmTC_235d8/fast"
/usr/bin/make -f CMakeFiles/cmTC_235d8.dir/build.make CMakeFiles/cmTC_235d8.dir/build
make[1]: Entering directory '/home/aaguasvivas/Desktop/llvm2019/build/CMakeFiles/CMakeTmp'
Building CXX object CMakeFiles/cmTC_235d8.dir/src.cxx.o
/usr/bin/c++    -fPIC -fvisibility-inlines-hidden -Werror=date-time -std=c++11 -Wall -Wextra -Wno-unused-parameter -Wwrite-strings -Wcast-qual -Wno-missing-field-initializers -pedantic -Wno-long-long -Wimplicit-fallthrough -Wno-maybe-uninitialized -Wno-class-memaccess -Wno-noexcept-type -Wdelete-non-virtual-dtor -Wno-comment -ffunction-sections -fdata-sections -DCOMPILER_RT_HAS_WC99_EXTENSIONS_FLAG  -nodefaultlibs   -Werror -Wc99-extensions -o CMakeFiles/cmTC_235d8.dir/src.cxx.o -c /home/aaguasvivas/Desktop/llvm2019/build/CMakeFiles/CMakeTmp/src.cxx
c++: error: unrecognized command line option '-Wc99-extensions'; did you mean '-fms-extensions'?
make[1]: *** [CMakeFiles/cmTC_235d8.dir/build.make:66: CMakeFiles/cmTC_235d8.dir/src.cxx.o] Error 1
make[1]: Leaving directory '/home/aaguasvivas/Desktop/llvm2019/build/CMakeFiles/CMakeTmp'
make: *** [Makefile:121: cmTC_235d8/fast] Error 2

Source file was:
int main() { return 0; }
Performing C++ SOURCE FILE Test COMPILER_RT_HAS_WGNU_FLAG failed with the following output:
Change Dir: /home/aaguasvivas/Desktop/llvm2019/build/CMakeFiles/CMakeTmp

Run Build Command:"/usr/bin/make" "cmTC_5d2e8/fast"
/usr/bin/make -f CMakeFiles/cmTC_5d2e8.dir/build.make CMakeFiles/cmTC_5d2e8.dir/build
make[1]: Entering directory '/home/aaguasvivas/Desktop/llvm2019/build/CMakeFiles/CMakeTmp'
Building CXX object CMakeFiles/cmTC_5d2e8.dir/src.cxx.o
/usr/bin/c++    -fPIC -fvisibility-inlines-hidden -Werror=date-time -std=c++11 -Wall -Wextra -Wno-unused-parameter -Wwrite-strings -Wcast-qual -Wno-missing-field-initializers -pedantic -Wno-long-long -Wimplicit-fallthrough -Wno-maybe-uninitialized -Wno-class-memaccess -Wno-noexcept-type -Wdelete-non-virtual-dtor -Wno-comment -ffunction-sections -fdata-sections -DCOMPILER_RT_HAS_WGNU_FLAG  -nodefaultlibs   -Werror -Wgnu -o CMakeFiles/cmTC_5d2e8.dir/src.cxx.o -c /home/aaguasvivas/Desktop/llvm2019/build/CMakeFiles/CMakeTmp/src.cxx
c++: error: unrecognized command line option '-Wgnu'
make[1]: *** [CMakeFiles/cmTC_5d2e8.dir/build.make:66: CMakeFiles/cmTC_5d2e8.dir/src.cxx.o] Error 1
make[1]: Leaving directory '/home/aaguasvivas/Desktop/llvm2019/build/CMakeFiles/CMakeTmp'
make: *** [Makefile:121: cmTC_5d2e8/fast] Error 2

Source file was:
int main() { return 0; }
Performing C++ SOURCE FILE Test COMPILER_RT_HAS_WCOVERED_SWITCH_DEFAULT_FLAG failed with the following output:
Change Dir: /home/aaguasvivas/Desktop/llvm2019/build/CMakeFiles/CMakeTmp

Run Build Command:"/usr/bin/make" "cmTC_a3c3f/fast"
/usr/bin/make -f CMakeFiles/cmTC_a3c3f.dir/build.make CMakeFiles/cmTC_a3c3f.dir/build
make[1]: Entering directory '/home/aaguasvivas/Desktop/llvm2019/build/CMakeFiles/CMakeTmp'
Building CXX object CMakeFiles/cmTC_a3c3f.dir/src.cxx.o
/usr/bin/c++    -fPIC -fvisibility-inlines-hidden -Werror=date-time -std=c++11 -Wall -Wextra -Wno-unused-parameter -Wwrite-strings -Wcast-qual -Wno-missing-field-initializers -pedantic -Wno-long-long -Wimplicit-fallthrough -Wno-maybe-uninitialized -Wno-class-memaccess -Wno-noexcept-type -Wdelete-non-virtual-dtor -Wno-comment -ffunction-sections -fdata-sections -DCOMPILER_RT_HAS_WCOVERED_SWITCH_DEFAULT_FLAG  -nodefaultlibs   -Werror -Wcovered-switch-default -o CMakeFiles/cmTC_a3c3f.dir/src.cxx.o -c /home/aaguasvivas/Desktop/llvm2019/build/CMakeFiles/CMakeTmp/src.cxx
c++: error: unrecognized command line option '-Wcovered-switch-default'; did you mean '-Wno-switch-default'?
make[1]: *** [CMakeFiles/cmTC_a3c3f.dir/build.make:66: CMakeFiles/cmTC_a3c3f.dir/src.cxx.o] Error 1
make[1]: Leaving directory '/home/aaguasvivas/Desktop/llvm2019/build/CMakeFiles/CMakeTmp'
make: *** [Makefile:121: cmTC_a3c3f/fast] Error 2

Source file was:
int main() { return 0; }
Performing C++ SOURCE FILE Test COMPILER_RT_HAS_W4_FLAG failed with the following output:
Change Dir: /home/aaguasvivas/Desktop/llvm2019/build/CMakeFiles/CMakeTmp

Run Build Command:"/usr/bin/make" "cmTC_98416/fast"
/usr/bin/make -f CMakeFiles/cmTC_98416.dir/build.make CMakeFiles/cmTC_98416.dir/build
make[1]: Entering directory '/home/aaguasvivas/Desktop/llvm2019/build/CMakeFiles/CMakeTmp'
Building CXX object CMakeFiles/cmTC_98416.dir/src.cxx.o
/usr/bin/c++    -fPIC -fvisibility-inlines-hidden -Werror=date-time -std=c++11 -Wall -Wextra -Wno-unused-parameter -Wwrite-strings -Wcast-qual -Wno-missing-field-initializers -pedantic -Wno-long-long -Wimplicit-fallthrough -Wno-maybe-uninitialized -Wno-class-memaccess -Wno-noexcept-type -Wdelete-non-virtual-dtor -Wno-comment -ffunction-sections -fdata-sections -DCOMPILER_RT_HAS_W4_FLAG  -nodefaultlibs   /W4 -o CMakeFiles/cmTC_98416.dir/src.cxx.o -c /home/aaguasvivas/Desktop/llvm2019/build/CMakeFiles/CMakeTmp/src.cxx
c++: error: /W4: No such file or directory
make[1]: *** [CMakeFiles/cmTC_98416.dir/build.make:66: CMakeFiles/cmTC_98416.dir/src.cxx.o] Error 1
make[1]: Leaving directory '/home/aaguasvivas/Desktop/llvm2019/build/CMakeFiles/CMakeTmp'
make: *** [Makefile:121: cmTC_98416/fast] Error 2

Source file was:
int main() { return 0; }
Performing C++ SOURCE FILE Test COMPILER_RT_HAS_WX_FLAG failed with the following output:
Change Dir: /home/aaguasvivas/Desktop/llvm2019/build/CMakeFiles/CMakeTmp

Run Build Command:"/usr/bin/make" "cmTC_c867c/fast"
/usr/bin/make -f CMakeFiles/cmTC_c867c.dir/build.make CMakeFiles/cmTC_c867c.dir/build
make[1]: Entering directory '/home/aaguasvivas/Desktop/llvm2019/build/CMakeFiles/CMakeTmp'
Building CXX object CMakeFiles/cmTC_c867c.dir/src.cxx.o
/usr/bin/c++    -fPIC -fvisibility-inlines-hidden -Werror=date-time -std=c++11 -Wall -Wextra -Wno-unused-parameter -Wwrite-strings -Wcast-qual -Wno-missing-field-initializers -pedantic -Wno-long-long -Wimplicit-fallthrough -Wno-maybe-uninitialized -Wno-class-memaccess -Wno-noexcept-type -Wdelete-non-virtual-dtor -Wno-comment -ffunction-sections -fdata-sections -DCOMPILER_RT_HAS_WX_FLAG  -nodefaultlibs   /WX -o CMakeFiles/cmTC_c867c.dir/src.cxx.o -c /home/aaguasvivas/Desktop/llvm2019/build/CMakeFiles/CMakeTmp/src.cxx
c++: error: /WX: No such file or directory
make[1]: *** [CMakeFiles/cmTC_c867c.dir/build.make:66: CMakeFiles/cmTC_c867c.dir/src.cxx.o] Error 1
make[1]: Leaving directory '/home/aaguasvivas/Desktop/llvm2019/build/CMakeFiles/CMakeTmp'
make: *** [Makefile:121: cmTC_c867c/fast] Error 2

Source file was:
int main() { return 0; }
Performing C++ SOURCE FILE Test COMPILER_RT_HAS_WD4146_FLAG failed with the following output:
Change Dir: /home/aaguasvivas/Desktop/llvm2019/build/CMakeFiles/CMakeTmp

Run Build Command:"/usr/bin/make" "cmTC_27f66/fast"
/usr/bin/make -f CMakeFiles/cmTC_27f66.dir/build.make CMakeFiles/cmTC_27f66.dir/build
make[1]: Entering directory '/home/aaguasvivas/Desktop/llvm2019/build/CMakeFiles/CMakeTmp'
Building CXX object CMakeFiles/cmTC_27f66.dir/src.cxx.o
/usr/bin/c++    -fPIC -fvisibility-inlines-hidden -Werror=date-time -std=c++11 -Wall -Wextra -Wno-unused-parameter -Wwrite-strings -Wcast-qual -Wno-missing-field-initializers -pedantic -Wno-long-long -Wimplicit-fallthrough -Wno-maybe-uninitialized -Wno-class-memaccess -Wno-noexcept-type -Wdelete-non-virtual-dtor -Wno-comment -ffunction-sections -fdata-sections -DCOMPILER_RT_HAS_WD4146_FLAG  -nodefaultlibs   /wd4146 -o CMakeFiles/cmTC_27f66.dir/src.cxx.o -c /home/aaguasvivas/Desktop/llvm2019/build/CMakeFiles/CMakeTmp/src.cxx
c++: error: /wd4146: No such file or directory
make[1]: *** [CMakeFiles/cmTC_27f66.dir/build.make:66: CMakeFiles/cmTC_27f66.dir/src.cxx.o] Error 1
make[1]: Leaving directory '/home/aaguasvivas/Desktop/llvm2019/build/CMakeFiles/CMakeTmp'
make: *** [Makefile:121: cmTC_27f66/fast] Error 2

Source file was:
int main() { return 0; }
Performing C++ SOURCE FILE Test COMPILER_RT_HAS_WD4291_FLAG failed with the following output:
Change Dir: /home/aaguasvivas/Desktop/llvm2019/build/CMakeFiles/CMakeTmp

Run Build Command:"/usr/bin/make" "cmTC_0527b/fast"
/usr/bin/make -f CMakeFiles/cmTC_0527b.dir/build.make CMakeFiles/cmTC_0527b.dir/build
make[1]: Entering directory '/home/aaguasvivas/Desktop/llvm2019/build/CMakeFiles/CMakeTmp'
Building CXX object CMakeFiles/cmTC_0527b.dir/src.cxx.o
/usr/bin/c++    -fPIC -fvisibility-inlines-hidden -Werror=date-time -std=c++11 -Wall -Wextra -Wno-unused-parameter -Wwrite-strings -Wcast-qual -Wno-missing-field-initializers -pedantic -Wno-long-long -Wimplicit-fallthrough -Wno-maybe-uninitialized -Wno-class-memaccess -Wno-noexcept-type -Wdelete-non-virtual-dtor -Wno-comment -ffunction-sections -fdata-sections -DCOMPILER_RT_HAS_WD4291_FLAG  -nodefaultlibs   /wd4291 -o CMakeFiles/cmTC_0527b.dir/src.cxx.o -c /home/aaguasvivas/Desktop/llvm2019/build/CMakeFiles/CMakeTmp/src.cxx
c++: error: /wd4291: No such file or directory
make[1]: *** [CMakeFiles/cmTC_0527b.dir/build.make:66: CMakeFiles/cmTC_0527b.dir/src.cxx.o] Error 1
make[1]: Leaving directory '/home/aaguasvivas/Desktop/llvm2019/build/CMakeFiles/CMakeTmp'
make: *** [Makefile:121: cmTC_0527b/fast] Error 2

Source file was:
int main() { return 0; }
Performing C++ SOURCE FILE Test COMPILER_RT_HAS_WD4221_FLAG failed with the following output:
Change Dir: /home/aaguasvivas/Desktop/llvm2019/build/CMakeFiles/CMakeTmp

Run Build Command:"/usr/bin/make" "cmTC_b28e2/fast"
/usr/bin/make -f CMakeFiles/cmTC_b28e2.dir/build.make CMakeFiles/cmTC_b28e2.dir/build
make[1]: Entering directory '/home/aaguasvivas/Desktop/llvm2019/build/CMakeFiles/CMakeTmp'
Building CXX object CMakeFiles/cmTC_b28e2.dir/src.cxx.o
/usr/bin/c++    -fPIC -fvisibility-inlines-hidden -Werror=date-time -std=c++11 -Wall -Wextra -Wno-unused-parameter -Wwrite-strings -Wcast-qual -Wno-missing-field-initializers -pedantic -Wno-long-long -Wimplicit-fallthrough -Wno-maybe-uninitialized -Wno-class-memaccess -Wno-noexcept-type -Wdelete-non-virtual-dtor -Wno-comment -ffunction-sections -fdata-sections -DCOMPILER_RT_HAS_WD4221_FLAG  -nodefaultlibs   /wd4221 -o CMakeFiles/cmTC_b28e2.dir/src.cxx.o -c /home/aaguasvivas/Desktop/llvm2019/build/CMakeFiles/CMakeTmp/src.cxx
c++: error: /wd4221: No such file or directory
make[1]: *** [CMakeFiles/cmTC_b28e2.dir/build.make:66: CMakeFiles/cmTC_b28e2.dir/src.cxx.o] Error 1
make[1]: Leaving directory '/home/aaguasvivas/Desktop/llvm2019/build/CMakeFiles/CMakeTmp'
make: *** [Makefile:121: cmTC_b28e2/fast] Error 2

Source file was:
int main() { return 0; }
Performing C++ SOURCE FILE Test COMPILER_RT_HAS_WD4391_FLAG failed with the following output:
Change Dir: /home/aaguasvivas/Desktop/llvm2019/build/CMakeFiles/CMakeTmp

Run Build Command:"/usr/bin/make" "cmTC_c63be/fast"
/usr/bin/make -f CMakeFiles/cmTC_c63be.dir/build.make CMakeFiles/cmTC_c63be.dir/build
make[1]: Entering directory '/home/aaguasvivas/Desktop/llvm2019/build/CMakeFiles/CMakeTmp'
Building CXX object CMakeFiles/cmTC_c63be.dir/src.cxx.o
/usr/bin/c++    -fPIC -fvisibility-inlines-hidden -Werror=date-time -std=c++11 -Wall -Wextra -Wno-unused-parameter -Wwrite-strings -Wcast-qual -Wno-missing-field-initializers -pedantic -Wno-long-long -Wimplicit-fallthrough -Wno-maybe-uninitialized -Wno-class-memaccess -Wno-noexcept-type -Wdelete-non-virtual-dtor -Wno-comment -ffunction-sections -fdata-sections -DCOMPILER_RT_HAS_WD4391_FLAG  -nodefaultlibs   /wd4391 -o CMakeFiles/cmTC_c63be.dir/src.cxx.o -c /home/aaguasvivas/Desktop/llvm2019/build/CMakeFiles/CMakeTmp/src.cxx
c++: error: /wd4391: No such file or directory
make[1]: *** [CMakeFiles/cmTC_c63be.dir/build.make:66: CMakeFiles/cmTC_c63be.dir/src.cxx.o] Error 1
make[1]: Leaving directory '/home/aaguasvivas/Desktop/llvm2019/build/CMakeFiles/CMakeTmp'
make: *** [Makefile:121: cmTC_c63be/fast] Error 2

Source file was:
int main() { return 0; }
Performing C++ SOURCE FILE Test COMPILER_RT_HAS_WD4722_FLAG failed with the following output:
Change Dir: /home/aaguasvivas/Desktop/llvm2019/build/CMakeFiles/CMakeTmp

Run Build Command:"/usr/bin/make" "cmTC_7f1bb/fast"
/usr/bin/make -f CMakeFiles/cmTC_7f1bb.dir/build.make CMakeFiles/cmTC_7f1bb.dir/build
make[1]: Entering directory '/home/aaguasvivas/Desktop/llvm2019/build/CMakeFiles/CMakeTmp'
Building CXX object CMakeFiles/cmTC_7f1bb.dir/src.cxx.o
/usr/bin/c++    -fPIC -fvisibility-inlines-hidden -Werror=date-time -std=c++11 -Wall -Wextra -Wno-unused-parameter -Wwrite-strings -Wcast-qual -Wno-missing-field-initializers -pedantic -Wno-long-long -Wimplicit-fallthrough -Wno-maybe-uninitialized -Wno-class-memaccess -Wno-noexcept-type -Wdelete-non-virtual-dtor -Wno-comment -ffunction-sections -fdata-sections -DCOMPILER_RT_HAS_WD4722_FLAG  -nodefaultlibs   /wd4722 -o CMakeFiles/cmTC_7f1bb.dir/src.cxx.o -c /home/aaguasvivas/Desktop/llvm2019/build/CMakeFiles/CMakeTmp/src.cxx
c++: error: /wd4722: No such file or directory
make[1]: *** [CMakeFiles/cmTC_7f1bb.dir/build.make:66: CMakeFiles/cmTC_7f1bb.dir/src.cxx.o] Error 1
make[1]: Leaving directory '/home/aaguasvivas/Desktop/llvm2019/build/CMakeFiles/CMakeTmp'
make: *** [Makefile:121: cmTC_7f1bb/fast] Error 2

Source file was:
int main() { return 0; }
Performing C++ SOURCE FILE Test COMPILER_RT_HAS_WD4800_FLAG failed with the following output:
Change Dir: /home/aaguasvivas/Desktop/llvm2019/build/CMakeFiles/CMakeTmp

Run Build Command:"/usr/bin/make" "cmTC_b61b4/fast"
/usr/bin/make -f CMakeFiles/cmTC_b61b4.dir/build.make CMakeFiles/cmTC_b61b4.dir/build
make[1]: Entering directory '/home/aaguasvivas/Desktop/llvm2019/build/CMakeFiles/CMakeTmp'
Building CXX object CMakeFiles/cmTC_b61b4.dir/src.cxx.o
/usr/bin/c++    -fPIC -fvisibility-inlines-hidden -Werror=date-time -std=c++11 -Wall -Wextra -Wno-unused-parameter -Wwrite-strings -Wcast-qual -Wno-missing-field-initializers -pedantic -Wno-long-long -Wimplicit-fallthrough -Wno-maybe-uninitialized -Wno-class-memaccess -Wno-noexcept-type -Wdelete-non-virtual-dtor -Wno-comment -ffunction-sections -fdata-sections -DCOMPILER_RT_HAS_WD4800_FLAG  -nodefaultlibs   /wd4800 -o CMakeFiles/cmTC_b61b4.dir/src.cxx.o -c /home/aaguasvivas/Desktop/llvm2019/build/CMakeFiles/CMakeTmp/src.cxx
c++: error: /wd4800: No such file or directory
make[1]: *** [CMakeFiles/cmTC_b61b4.dir/build.make:66: CMakeFiles/cmTC_b61b4.dir/src.cxx.o] Error 1
make[1]: Leaving directory '/home/aaguasvivas/Desktop/llvm2019/build/CMakeFiles/CMakeTmp'
make: *** [Makefile:121: cmTC_b61b4/fast] Error 2

Source file was:
int main() { return 0; }
Determining if the function backtrace exists in the execinfo failed with the following output:
Change Dir: /home/aaguasvivas/Desktop/llvm2019/build/CMakeFiles/CMakeTmp

Run Build Command:"/usr/bin/make" "cmTC_56987/fast"
/usr/bin/make -f CMakeFiles/cmTC_56987.dir/build.make CMakeFiles/cmTC_56987.dir/build
make[1]: Entering directory '/home/aaguasvivas/Desktop/llvm2019/build/CMakeFiles/CMakeTmp'
Building C object CMakeFiles/cmTC_56987.dir/CheckFunctionExists.c.o
/usr/bin/cc -D_GNU_SOURCE  -fPIC -Werror=date-time -Wall -Wextra -Wno-unused-parameter -Wwrite-strings -Wno-missing-field-initializers -pedantic -Wno-long-long -Wimplicit-fallthrough -Wno-comment -ffunction-sections -fdata-sections -DCHECK_FUNCTION_EXISTS=backtrace  -nodefaultlibs   -o CMakeFiles/cmTC_56987.dir/CheckFunctionExists.c.o   -c /usr/share/cmake-3.13/Modules/CheckFunctionExists.c
Linking C executable cmTC_56987
/usr/bin/cmake -E cmake_link_script CMakeFiles/cmTC_56987.dir/link.txt --verbose=1
/usr/bin/cc  -fPIC -Werror=date-time -Wall -Wextra -Wno-unused-parameter -Wwrite-strings -Wno-missing-field-initializers -pedantic -Wno-long-long -Wimplicit-fallthrough -Wno-comment -ffunction-sections -fdata-sections -DCHECK_FUNCTION_EXISTS=backtrace  -nodefaultlibs   -Wl,-allow-shlib-undefined  CMakeFiles/cmTC_56987.dir/CheckFunctionExists.c.o  -o cmTC_56987 -lexecinfo -lm -lc -lgcc_s 
/usr/bin/ld: cannot find -lexecinfo
collect2: error: ld returned 1 exit status
make[1]: *** [CMakeFiles/cmTC_56987.dir/build.make:87: cmTC_56987] Error 1
make[1]: Leaving directory '/home/aaguasvivas/Desktop/llvm2019/build/CMakeFiles/CMakeTmp'
make: *** [Makefile:121: cmTC_56987/fast] Error 2


Determining if the function setupterm exists in the terminfo failed with the following output:
Change Dir: /home/aaguasvivas/Desktop/llvm2019/build/CMakeFiles/CMakeTmp

Run Build Command:"/usr/bin/make" "cmTC_6a106/fast"
/usr/bin/make -f CMakeFiles/cmTC_6a106.dir/build.make CMakeFiles/cmTC_6a106.dir/build
make[1]: Entering directory '/home/aaguasvivas/Desktop/llvm2019/build/CMakeFiles/CMakeTmp'
Building C object CMakeFiles/cmTC_6a106.dir/CheckFunctionExists.c.o
/usr/bin/cc -D_GNU_SOURCE  -fPIC -Werror=date-time -Wall -Wextra -Wno-unused-parameter -Wwrite-strings -Wno-missing-field-initializers -pedantic -Wno-long-long -Wimplicit-fallthrough -Wno-comment -ffunction-sections -fdata-sections -DCHECK_FUNCTION_EXISTS=setupterm  -nodefaultlibs   -o CMakeFiles/cmTC_6a106.dir/CheckFunctionExists.c.o   -c /usr/share/cmake-3.13/Modules/CheckFunctionExists.c
Linking C executable cmTC_6a106
/usr/bin/cmake -E cmake_link_script CMakeFiles/cmTC_6a106.dir/link.txt --verbose=1
/usr/bin/cc  -fPIC -Werror=date-time -Wall -Wextra -Wno-unused-parameter -Wwrite-strings -Wno-missing-field-initializers -pedantic -Wno-long-long -Wimplicit-fallthrough -Wno-comment -ffunction-sections -fdata-sections -DCHECK_FUNCTION_EXISTS=setupterm  -nodefaultlibs   -Wl,-allow-shlib-undefined  CMakeFiles/cmTC_6a106.dir/CheckFunctionExists.c.o  -o cmTC_6a106 -lterminfo -lm -lc -lgcc_s 
/usr/bin/ld: cannot find -lterminfo
collect2: error: ld returned 1 exit status
make[1]: *** [CMakeFiles/cmTC_6a106.dir/build.make:87: cmTC_6a106] Error 1
make[1]: Leaving directory '/home/aaguasvivas/Desktop/llvm2019/build/CMakeFiles/CMakeTmp'
make: *** [Makefile:121: cmTC_6a106/fast] Error 2


Determining if the function __cxa_throw exists in the c++ failed with the following output:
Change Dir: /home/aaguasvivas/Desktop/llvm2019/build/CMakeFiles/CMakeTmp

Run Build Command:"/usr/bin/make" "cmTC_abf50/fast"
/usr/bin/make -f CMakeFiles/cmTC_abf50.dir/build.make CMakeFiles/cmTC_abf50.dir/build
make[1]: Entering directory '/home/aaguasvivas/Desktop/llvm2019/build/CMakeFiles/CMakeTmp'
Building C object CMakeFiles/cmTC_abf50.dir/CheckFunctionExists.c.o
/usr/bin/cc -D_GNU_SOURCE  -fPIC -Werror=date-time -Wall -Wextra -Wno-unused-parameter -Wwrite-strings -Wno-missing-field-initializers -pedantic -Wno-long-long -Wimplicit-fallthrough -Wno-comment -ffunction-sections -fdata-sections -DCHECK_FUNCTION_EXISTS=__cxa_throw  -nodefaultlibs   -o CMakeFiles/cmTC_abf50.dir/CheckFunctionExists.c.o   -c /usr/share/cmake-3.13/Modules/CheckFunctionExists.c
Linking C executable cmTC_abf50
/usr/bin/cmake -E cmake_link_script CMakeFiles/cmTC_abf50.dir/link.txt --verbose=1
/usr/bin/cc  -fPIC -Werror=date-time -Wall -Wextra -Wno-unused-parameter -Wwrite-strings -Wno-missing-field-initializers -pedantic -Wno-long-long -Wimplicit-fallthrough -Wno-comment -ffunction-sections -fdata-sections -DCHECK_FUNCTION_EXISTS=__cxa_throw  -nodefaultlibs   -Wl,-allow-shlib-undefined  CMakeFiles/cmTC_abf50.dir/CheckFunctionExists.c.o  -o cmTC_abf50 -lc++ -lm -lc -lgcc_s 
/usr/bin/ld: cannot find -lc++
collect2: error: ld returned 1 exit status
make[1]: *** [CMakeFiles/cmTC_abf50.dir/build.make:87: cmTC_abf50] Error 1
make[1]: Leaving directory '/home/aaguasvivas/Desktop/llvm2019/build/CMakeFiles/CMakeTmp'
make: *** [Makefile:121: cmTC_abf50/fast] Error 2


Determining if the __i386__ exist failed with the following output:
Change Dir: /home/aaguasvivas/Desktop/llvm2019/build/CMakeFiles/CMakeTmp

Run Build Command:"/usr/bin/make" "cmTC_3f279/fast"
/usr/bin/make -f CMakeFiles/cmTC_3f279.dir/build.make CMakeFiles/cmTC_3f279.dir/build
make[1]: Entering directory '/home/aaguasvivas/Desktop/llvm2019/build/CMakeFiles/CMakeTmp'
Building C object CMakeFiles/cmTC_3f279.dir/CheckSymbolExists.c.o
/usr/bin/cc -D_GNU_SOURCE  -fPIC -Werror=date-time -Wall -Wextra -Wno-unused-parameter -Wwrite-strings -Wno-missing-field-initializers -pedantic -Wno-long-long -Wimplicit-fallthrough -Wno-comment -ffunction-sections -fdata-sections  -nodefaultlibs  -m32   -o CMakeFiles/cmTC_3f279.dir/CheckSymbolExists.c.o   -c /home/aaguasvivas/Desktop/llvm2019/build/CMakeFiles/CMakeTmp/CheckSymbolExists.c
Linking C executable cmTC_3f279
/usr/bin/cmake -E cmake_link_script CMakeFiles/cmTC_3f279.dir/link.txt --verbose=1
/usr/bin/cc  -fPIC -Werror=date-time -Wall -Wextra -Wno-unused-parameter -Wwrite-strings -Wno-missing-field-initializers -pedantic -Wno-long-long -Wimplicit-fallthrough -Wno-comment -ffunction-sections -fdata-sections  -nodefaultlibs  -m32   -Wl,-allow-shlib-undefined  CMakeFiles/cmTC_3f279.dir/CheckSymbolExists.c.o  -o cmTC_3f279 -lm -lc -lgcc_s 
/usr/bin/ld: cannot find Scrt1.o: No such file or directory
/usr/bin/ld: cannot find crti.o: No such file or directory
/usr/bin/ld: skipping incompatible /usr/lib/x86_64-linux-gnu/libm.so when searching for -lm
/usr/bin/ld: skipping incompatible /usr/lib/x86_64-linux-gnu/libm.a when searching for -lm
/usr/bin/ld: cannot find -lm
/usr/bin/ld: skipping incompatible /usr/lib/x86_64-linux-gnu/libc.so when searching for -lc
/usr/bin/ld: skipping incompatible /usr/lib/x86_64-linux-gnu/libc.a when searching for -lc
/usr/bin/ld: cannot find -lc
/usr/bin/ld: skipping incompatible /usr/lib/gcc/x86_64-linux-gnu/8/libgcc.a when searching for -lgcc
/usr/bin/ld: cannot find -lgcc
collect2: error: ld returned 1 exit status
make[1]: *** [CMakeFiles/cmTC_3f279.dir/build.make:87: cmTC_3f279] Error 1
make[1]: Leaving directory '/home/aaguasvivas/Desktop/llvm2019/build/CMakeFiles/CMakeTmp'
make: *** [Makefile:121: cmTC_3f279/fast] Error 2

File /home/aaguasvivas/Desktop/llvm2019/build/CMakeFiles/CMakeTmp/CheckSymbolExists.c:
/* */

int main(int argc, char** argv)
{
  (void)argv;
#ifndef __i386__
  return ((int*)(&__i386__))[argc];
#else
  (void)argc;
  return 0;
#endif
}

Testing compiler for supporting FLAGS-fxray-instrument:
Command: /usr/bin/cc;;;;-fPIC;-Werror=date-time;-Wall;-Wextra;-Wno-unused-parameter;-Wwrite-strings;-Wno-missing-field-initializers;-pedantic;-Wno-long-long;-Wimplicit-fallthrough;-Wno-comment;-ffunction-sections;-fdata-sections;-Wall;-Wno-unused-parameter;-fxray-instrument;-o;/home/aaguasvivas/Desktop/llvm2019/build/CMakeFiles/test.o;;;-c;/home/aaguasvivas/Desktop/llvm2019/build/CMakeFiles/src.c

cc: error: unrecognized command line option ‘-fxray-instrument’

1
Performing C++ SOURCE FILE Test CXX_SUPPORTS_NO_NESTED_ANON_TYPES_FLAG failed with the following output:
Change Dir: /home/aaguasvivas/Desktop/llvm2019/build/CMakeFiles/CMakeTmp

Run Build Command:"/usr/bin/make" "cmTC_71831/fast"
/usr/bin/make -f CMakeFiles/cmTC_71831.dir/build.make CMakeFiles/cmTC_71831.dir/build
make[1]: Entering directory '/home/aaguasvivas/Desktop/llvm2019/build/CMakeFiles/CMakeTmp'
Building CXX object CMakeFiles/cmTC_71831.dir/src.cxx.o
/usr/bin/c++    -fPIC -fvisibility-inlines-hidden -Werror=date-time -std=c++11 -Wall -Wextra -Wno-unused-parameter -Wwrite-strings -Wcast-qual -Wno-missing-field-initializers -pedantic -Wno-long-long -Wimplicit-fallthrough -Wno-maybe-uninitialized -Wno-class-memaccess -Wno-noexcept-type -Wdelete-non-virtual-dtor -Wno-comment -ffunction-sections -fdata-sections -fno-common -Woverloaded-virtual -fno-strict-aliasing -DCXX_SUPPORTS_NO_NESTED_ANON_TYPES_FLAG   -Werror -Wnested-anon-types -o CMakeFiles/cmTC_71831.dir/src.cxx.o -c /home/aaguasvivas/Desktop/llvm2019/build/CMakeFiles/CMakeTmp/src.cxx
c++: error: unrecognized command line option '-Wnested-anon-types'; did you mean '-Wnested-externs'?
make[1]: *** [CMakeFiles/cmTC_71831.dir/build.make:66: CMakeFiles/cmTC_71831.dir/src.cxx.o] Error 1
make[1]: Leaving directory '/home/aaguasvivas/Desktop/llvm2019/build/CMakeFiles/CMakeTmp'
make: *** [Makefile:121: cmTC_71831/fast] Error 2

Source file was:
int main() { return 0; }
Performing C++ SOURCE FILE Test HAVE_CXX_FLAG_WSHORTEN_64_TO_32 failed with the following output:
Change Dir: /home/aaguasvivas/Desktop/llvm2019/build/CMakeFiles/CMakeTmp

Run Build Command:"/usr/bin/make" "cmTC_3a8a3/fast"
/usr/bin/make -f CMakeFiles/cmTC_3a8a3.dir/build.make CMakeFiles/cmTC_3a8a3.dir/build
make[1]: Entering directory '/home/aaguasvivas/Desktop/llvm2019/build/CMakeFiles/CMakeTmp'
Building CXX object CMakeFiles/cmTC_3a8a3.dir/src.cxx.o
/usr/bin/c++    -fPIC -fvisibility-inlines-hidden -Werror=date-time -std=c++11 -Wall -Wextra -Wno-unused-parameter -Wwrite-strings -Wcast-qual -Wno-missing-field-initializers -pedantic -Wno-long-long -Wimplicit-fallthrough -Wno-maybe-uninitialized -Wno-class-memaccess -Wno-noexcept-type -Wdelete-non-virtual-dtor -Wno-comment -ffunction-sections -fdata-sections  -std=c++11  -Wall  -Wextra  -Wshadow  -pedantic  -pedantic-errors -DHAVE_CXX_FLAG_WSHORTEN_64_TO_32  -Wshorten-64-to-32   -Wshorten-64-to-32 -o CMakeFiles/cmTC_3a8a3.dir/src.cxx.o -c /home/aaguasvivas/Desktop/llvm2019/build/CMakeFiles/CMakeTmp/src.cxx
c++: error: unrecognized command line option '-Wshorten-64-to-32'
c++: error: unrecognized command line option '-Wshorten-64-to-32'
make[1]: *** [CMakeFiles/cmTC_3a8a3.dir/build.make:66: CMakeFiles/cmTC_3a8a3.dir/src.cxx.o] Error 1
make[1]: Leaving directory '/home/aaguasvivas/Desktop/llvm2019/build/CMakeFiles/CMakeTmp'
make: *** [Makefile:121: cmTC_3a8a3/fast] Error 2

Source file was:
int main() { return 0; }
Performing C++ SOURCE FILE Test HAVE_CXX_FLAG_WD654 failed with the following output:
Change Dir: /home/aaguasvivas/Desktop/llvm2019/build/CMakeFiles/CMakeTmp

Run Build Command:"/usr/bin/make" "cmTC_68129/fast"
/usr/bin/make -f CMakeFiles/cmTC_68129.dir/build.make CMakeFiles/cmTC_68129.dir/build
make[1]: Entering directory '/home/aaguasvivas/Desktop/llvm2019/build/CMakeFiles/CMakeTmp'
Building CXX object CMakeFiles/cmTC_68129.dir/src.cxx.o
/usr/bin/c++    -fPIC -fvisibility-inlines-hidden -Werror=date-time -std=c++11 -Wall -Wextra -Wno-unused-parameter -Wwrite-strings -Wcast-qual -Wno-missing-field-initializers -pedantic -Wno-long-long -Wimplicit-fallthrough -Wno-maybe-uninitialized -Wno-class-memaccess -Wno-noexcept-type -Wdelete-non-virtual-dtor -Wno-comment -ffunction-sections -fdata-sections  -std=c++11  -Wall  -Wextra  -Wshadow  -pedantic  -pedantic-errors  -Wfloat-equal  -fstrict-aliasing  -fno-exceptions  -Wstrict-aliasing -DHAVE_CXX_FLAG_WD654  -wd654   -wd654 -o CMakeFiles/cmTC_68129.dir/src.cxx.o -c /home/aaguasvivas/Desktop/llvm2019/build/CMakeFiles/CMakeTmp/src.cxx
c++: error: unrecognized command line option '-wd654'
c++: error: unrecognized command line option '-wd654'
make[1]: *** [CMakeFiles/cmTC_68129.dir/build.make:66: CMakeFiles/cmTC_68129.dir/src.cxx.o] Error 1
make[1]: Leaving directory '/home/aaguasvivas/Desktop/llvm2019/build/CMakeFiles/CMakeTmp'
make: *** [Makefile:121: cmTC_68129/fast] Error 2

Source file was:
int main() { return 0; }
Performing C++ SOURCE FILE Test HAVE_CXX_FLAG_WTHREAD_SAFETY failed with the following output:
Change Dir: /home/aaguasvivas/Desktop/llvm2019/build/CMakeFiles/CMakeTmp

Run Build Command:"/usr/bin/make" "cmTC_7c92b/fast"
/usr/bin/make -f CMakeFiles/cmTC_7c92b.dir/build.make CMakeFiles/cmTC_7c92b.dir/build
make[1]: Entering directory '/home/aaguasvivas/Desktop/llvm2019/build/CMakeFiles/CMakeTmp'
Building CXX object CMakeFiles/cmTC_7c92b.dir/src.cxx.o
/usr/bin/c++    -fPIC -fvisibility-inlines-hidden -Werror=date-time -std=c++11 -Wall -Wextra -Wno-unused-parameter -Wwrite-strings -Wcast-qual -Wno-missing-field-initializers -pedantic -Wno-long-long -Wimplicit-fallthrough -Wno-maybe-uninitialized -Wno-class-memaccess -Wno-noexcept-type -Wdelete-non-virtual-dtor -Wno-comment -ffunction-sections -fdata-sections  -std=c++11  -Wall  -Wextra  -Wshadow  -pedantic  -pedantic-errors  -Wfloat-equal  -fstrict-aliasing  -fno-exceptions  -Wstrict-aliasing -DHAVE_CXX_FLAG_WTHREAD_SAFETY  -Wthread-safety   -Wthread-safety -o CMakeFiles/cmTC_7c92b.dir/src.cxx.o -c /home/aaguasvivas/Desktop/llvm2019/build/CMakeFiles/CMakeTmp/src.cxx
c++: error: unrecognized command line option '-Wthread-safety'; did you mean '-fthread-jumps'?
c++: error: unrecognized command line option '-Wthread-safety'; did you mean '-fthread-jumps'?
make[1]: *** [CMakeFiles/cmTC_7c92b.dir/build.make:66: CMakeFiles/cmTC_7c92b.dir/src.cxx.o] Error 1
make[1]: Leaving directory '/home/aaguasvivas/Desktop/llvm2019/build/CMakeFiles/CMakeTmp'
make: *** [Makefile:121: cmTC_7c92b/fast] Error 2

Source file was:
int main() { return 0; }
